This is pdfTeX, Version 3.14159265-2.6-1.40.19 (MiKTeX 2.9.6840 64-bit) (preloaded format=pdflatex 2018.11.6)  29 NOV 2018 20:13
entering extended mode
**./part0.tex
(part0.tex
LaTeX2e <2018-04-01> patch level 5
! Undefined control sequence.
l.1 \chapter
            {–ü—Ä–∏–º–µ–Ω–µ–Ω–∏–µ –º–µ—Ç–æ–¥–∞ –ú-–ø–æ—Å–ª–µ–¥–æ–≤–∞—Ç–µ–ª—å...
The control sequence at the end of the top line
of your error message was never \def'ed. If you have
misspelled it (e.g., `\hobx'), type `I' and the correct
spelling (e.g., `I\hbox'). Otherwise just continue,
and I'll forget about whatever was undefined.


! Package inputenc Error: Unicode character –ü (U+41F)
(inputenc)                not set up for use with LaTeX.

See the inputenc package documentation for explanation.
Type  H <return>  for immediate help.
 ...                                              
                                                  
l.1 \chapter{–ü
               —Ä–∏–º–µ–Ω–µ–Ω–∏–µ –º–µ—Ç–æ–¥–∞ –ú-–ø–æ—Å–ª–µ–¥–æ–≤–∞—Ç–µ–ª—å...

You may provide a definition with
\DeclareUnicodeCharacter 


! Package inputenc Error: Unicode character —Ä (U+440)
(inputenc)                not set up for use with LaTeX.

See the inputenc package documentation for explanation.
Type  H <return>  for immediate help.
 ...                                              
                                                  
l.1 \chapter{–ü—Ä
                 –∏–º–µ–Ω–µ–Ω–∏–µ –º–µ—Ç–æ–¥–∞ –ú-–ø–æ—Å–ª–µ–¥–æ–≤–∞—Ç–µ–ª—å...

You may provide a definition with
\DeclareUnicodeCharacter 


! Package inputenc Error: Unicode character –∏ (U+438)
(inputenc)                not set up for use with LaTeX.

See the inputenc package documentation for explanation.
Type  H <return>  for immediate help.
 ...                                              
                                                  
l.1 \chapter{–ü—Ä–∏
                   –º–µ–Ω–µ–Ω–∏–µ –º–µ—Ç–æ–¥–∞ –ú-–ø–æ—Å–ª–µ–¥–æ–≤–∞—Ç–µ–ª—å...

You may provide a definition with
\DeclareUnicodeCharacter 


! Package inputenc Error: Unicode character –º (U+43C)
(inputenc)                not set up for use with LaTeX.

See the inputenc package documentation for explanation.
Type  H <return>  for immediate help.
 ...                                              
                                                  
l.1 \chapter{–ü—Ä–∏–º
                     –µ–Ω–µ–Ω–∏–µ –º–µ—Ç–æ–¥–∞ –ú-–ø–æ—Å–ª–µ–¥–æ–≤–∞—Ç–µ–ª—å...

You may provide a definition with
\DeclareUnicodeCharacter 


! Package inputenc Error: Unicode character –µ (U+435)
(inputenc)                not set up for use with LaTeX.

See the inputenc package documentation for explanation.
Type  H <return>  for immediate help.
 ...                                              
                                                  
l.1 \chapter{–ü—Ä–∏–º–µ
                       –Ω–µ–Ω–∏–µ –º–µ—Ç–æ–¥–∞ –ú-–ø–æ—Å–ª–µ–¥–æ–≤–∞—Ç–µ–ª—å...

You may provide a definition with
\DeclareUnicodeCharacter 


! Package inputenc Error: Unicode character –Ω (U+43D)
(inputenc)                not set up for use with LaTeX.

See the inputenc package documentation for explanation.
Type  H <return>  for immediate help.
 ...                                              
                                                  
l.1 \chapter{–ü—Ä–∏–º–µ–Ω
                         –µ–Ω–∏–µ –º–µ—Ç–æ–¥–∞ –ú-–ø–æ—Å–ª–µ–¥–æ–≤–∞—Ç–µ–ª—å...

You may provide a definition with
\DeclareUnicodeCharacter 


! Package inputenc Error: Unicode character –µ (U+435)
(inputenc)                not set up for use with LaTeX.

See the inputenc package documentation for explanation.
Type  H <return>  for immediate help.
 ...                                              
                                                  
l.1 \chapter{–ü—Ä–∏–º–µ–Ω–µ
                           –Ω–∏–µ –º–µ—Ç–æ–¥–∞ –ú-–ø–æ—Å–ª–µ–¥–æ–≤–∞—Ç–µ–ª—å...

You may provide a definition with
\DeclareUnicodeCharacter 


! Package inputenc Error: Unicode character –Ω (U+43D)
(inputenc)                not set up for use with LaTeX.

See the inputenc package documentation for explanation.
Type  H <return>  for immediate help.
 ...                                              
                                                  
l.1 \chapter{–ü—Ä–∏–º–µ–Ω–µ–Ω
                             –∏–µ –º–µ—Ç–æ–¥–∞ –ú-–ø–æ—Å–ª–µ–¥–æ–≤–∞—Ç–µ–ª—å...

You may provide a definition with
\DeclareUnicodeCharacter 


! Package inputenc Error: Unicode character –∏ (U+438)
(inputenc)                not set up for use with LaTeX.

See the inputenc package documentation for explanation.
Type  H <return>  for immediate help.
 ...                                              
                                                  
l.1 \chapter{–ü—Ä–∏–º–µ–Ω–µ–Ω–∏
                               –µ –º–µ—Ç–æ–¥–∞ –ú-–ø–æ—Å–ª–µ–¥–æ–≤–∞—Ç–µ–ª—å...

You may provide a definition with
\DeclareUnicodeCharacter 


! Package inputenc Error: Unicode character –µ (U+435)
(inputenc)                not set up for use with LaTeX.

See the inputenc package documentation for explanation.
Type  H <return>  for immediate help.
 ...                                              
                                                  
l.1 \chapter{–ü—Ä–∏–º–µ–Ω–µ–Ω–∏–µ
                                  –º–µ—Ç–æ–¥–∞ –ú-–ø–æ—Å–ª–µ–¥–æ–≤–∞—Ç–µ–ª—å...

You may provide a definition with
\DeclareUnicodeCharacter 


! Package inputenc Error: Unicode character –º (U+43C)
(inputenc)                not set up for use with LaTeX.

See the inputenc package documentation for explanation.
Type  H <return>  for immediate help.
 ...                                              
                                                  
l.1 \chapter{–ü—Ä–∏–º–µ–Ω–µ–Ω–∏–µ –º
                                    –µ—Ç–æ–¥–∞ –ú-–ø–æ—Å–ª–µ–¥–æ–≤–∞—Ç–µ–ª—å...

You may provide a definition with
\DeclareUnicodeCharacter 


! Package inputenc Error: Unicode character –µ (U+435)
(inputenc)                not set up for use with LaTeX.

See the inputenc package documentation for explanation.
Type  H <return>  for immediate help.
 ...                                              
                                                  
l.1 \chapter{–ü—Ä–∏–º–µ–Ω–µ–Ω–∏–µ –º–µ
                                      —Ç–æ–¥–∞ –ú-–ø–æ—Å–ª–µ–¥–æ–≤–∞—Ç–µ–ª—å...

You may provide a definition with
\DeclareUnicodeCharacter 


! Package inputenc Error: Unicode character —Ç (U+442)
(inputenc)                not set up for use with LaTeX.

See the inputenc package documentation for explanation.
Type  H <return>  for immediate help.
 ...                                              
                                                  
l.1 \chapter{–ü—Ä–∏–º–µ–Ω–µ–Ω–∏–µ –º–µ—Ç
                                        –æ–¥–∞ –ú-–ø–æ—Å–ª–µ–¥–æ–≤–∞—Ç–µ–ª—å...

You may provide a definition with
\DeclareUnicodeCharacter 


! Package inputenc Error: Unicode character –æ (U+43E)
(inputenc)                not set up for use with LaTeX.

See the inputenc package documentation for explanation.
Type  H <return>  for immediate help.
 ...                                              
                                                  
l.1 \chapter{–ü—Ä–∏–º–µ–Ω–µ–Ω–∏–µ –º–µ—Ç–æ
                                          –¥–∞ –ú-–ø–æ—Å–ª–µ–¥–æ–≤–∞—Ç–µ–ª—å...

You may provide a definition with
\DeclareUnicodeCharacter 


! Package inputenc Error: Unicode character –¥ (U+434)
(inputenc)                not set up for use with LaTeX.

See the inputenc package documentation for explanation.
Type  H <return>  for immediate help.
 ...                                              
                                                  
l.1 \chapter{–ü—Ä–∏–º–µ–Ω–µ–Ω–∏–µ –º–µ—Ç–æ–¥
                                            –∞ –ú-–ø–æ—Å–ª–µ–¥–æ–≤–∞—Ç–µ–ª—å...

You may provide a definition with
\DeclareUnicodeCharacter 


! Package inputenc Error: Unicode character –∞ (U+430)
(inputenc)                not set up for use with LaTeX.

See the inputenc package documentation for explanation.
Type  H <return>  for immediate help.
 ...                                              
                                                  
l.1 \chapter{–ü—Ä–∏–º–µ–Ω–µ–Ω–∏–µ –º–µ—Ç–æ–¥–∞
                                               –ú-–ø–æ—Å–ª–µ–¥–æ–≤–∞—Ç–µ–ª—å...

You may provide a definition with
\DeclareUnicodeCharacter 


! Package inputenc Error: Unicode character –ú (U+41C)
(inputenc)                not set up for use with LaTeX.

See the inputenc package documentation for explanation.
Type  H <return>  for immediate help.
 ...                                              
                                                  
l.1 \chapter{–ü—Ä–∏–º–µ–Ω–µ–Ω–∏–µ –º–µ—Ç–æ–¥–∞ –ú
                                                 -–ø–æ—Å–ª–µ–¥–æ–≤–∞—Ç–µ–ª—å...

You may provide a definition with
\DeclareUnicodeCharacter 


! LaTeX Error: Missing \begin{document}.

See the LaTeX manual or LaTeX Companion for explanation.
Type  H <return>  for immediate help.
 ...                                              
                                                  
l.1 \chapter{–ü—Ä–∏–º–µ–Ω–µ–Ω–∏–µ –º–µ—Ç–æ–¥–∞ –ú-
                                                  –ø–æ—Å–ª–µ–¥–æ–≤–∞—Ç–µ–ª—å...

You're in trouble here.  Try typing  <return>  to proceed.
If that doesn't work, type  X <return>  to quit.

Missing character: There is no - in font nullfont!

! Package inputenc Error: Unicode character –ø (U+43F)
(inputenc)                not set up for use with LaTeX.

See the inputenc package documentation for explanation.
Type  H <return>  for immediate help.
 ...                                              
                                                  
l.1 ...ter{–ü—Ä–∏–º–µ–Ω–µ–Ω–∏–µ –º–µ—Ç–æ–¥–∞ –ú-–ø
                                                  –æ—Å–ª–µ–¥–æ–≤–∞—Ç–µ–ª—å–Ω...

You may provide a definition with
\DeclareUnicodeCharacter 


! Package inputenc Error: Unicode character –æ (U+43E)
(inputenc)                not set up for use with LaTeX.

See the inputenc package documentation for explanation.
Type  H <return>  for immediate help.
 ...                                              
                                                  
l.1 ...r{–ü—Ä–∏–º–µ–Ω–µ–Ω–∏–µ –º–µ—Ç–æ–¥–∞ –ú-–ø–æ
                                                  —Å–ª–µ–¥–æ–≤–∞—Ç–µ–ª—å–Ω–æ...

You may provide a definition with
\DeclareUnicodeCharacter 


! Package inputenc Error: Unicode character —Å (U+441)
(inputenc)                not set up for use with LaTeX.

See the inputenc package documentation for explanation.
Type  H <return>  for immediate help.
 ...                                              
                                                  
l.1 ...–ü—Ä–∏–º–µ–Ω–µ–Ω–∏–µ –º–µ—Ç–æ–¥–∞ –ú-–ø–æ—Å
                                                  –ª–µ–¥–æ–≤–∞—Ç–µ–ª—å–Ω–æ—Å...

You may provide a definition with
\DeclareUnicodeCharacter 


! Package inputenc Error: Unicode character –ª (U+43B)
(inputenc)                not set up for use with LaTeX.

See the inputenc package documentation for explanation.
Type  H <return>  for immediate help.
 ...                                              
                                                  
l.1 ...—Ä–∏–º–µ–Ω–µ–Ω–∏–µ –º–µ—Ç–æ–¥–∞ –ú-–ø–æ—Å–ª
                                                  –µ–¥–æ–≤–∞—Ç–µ–ª—å–Ω–æ—Å—Ç...

You may provide a definition with
\DeclareUnicodeCharacter 


! Package inputenc Error: Unicode character –µ (U+435)
(inputenc)                not set up for use with LaTeX.

See the inputenc package documentation for explanation.
Type  H <return>  for immediate help.
 ...                                              
                                                  
l.1 ...–∏–º–µ–Ω–µ–Ω–∏–µ –º–µ—Ç–æ–¥–∞ –ú-–ø–æ—Å–ª–µ
                                                  –¥–æ–≤–∞—Ç–µ–ª—å–Ω–æ—Å—Ç–∏...

You may provide a definition with
\DeclareUnicodeCharacter 


! Package inputenc Error: Unicode character –¥ (U+434)
(inputenc)                not set up for use with LaTeX.

See the inputenc package documentation for explanation.
Type  H <return>  for immediate help.
 ...                                              
                                                  
l.1 ...–º–µ–Ω–µ–Ω–∏–µ –º–µ—Ç–æ–¥–∞ –ú-–ø–æ—Å–ª–µ–¥
                                                  –æ–≤–∞—Ç–µ–ª—å–Ω–æ—Å—Ç–∏ –...

You may provide a definition with
\DeclareUnicodeCharacter 


! Package inputenc Error: Unicode character –æ (U+43E)
(inputenc)                not set up for use with LaTeX.

See the inputenc package documentation for explanation.
Type  H <return>  for immediate help.
 ...                                              
                                                  
l.1 ...–µ–Ω–µ–Ω–∏–µ –º–µ—Ç–æ–¥–∞ –ú-–ø–æ—Å–ª–µ–¥–æ
                                                  –≤–∞—Ç–µ–ª—å–Ω–æ—Å—Ç–∏ –∫ ...

You may provide a definition with
\DeclareUnicodeCharacter 


! Package inputenc Error: Unicode character –≤ (U+432)
(inputenc)                not set up for use with LaTeX.

See the inputenc package documentation for explanation.
Type  H <return>  for immediate help.
 ...                                              
                                                  
l.1 ...–Ω–µ–Ω–∏–µ –º–µ—Ç–æ–¥–∞ –ú-–ø–æ—Å–ª–µ–¥–æ–≤
                                                  –∞—Ç–µ–ª—å–Ω–æ—Å—Ç–∏ –∫ —ç...

You may provide a definition with
\DeclareUnicodeCharacter 


! Package inputenc Error: Unicode character –∞ (U+430)
(inputenc)                not set up for use with LaTeX.

See the inputenc package documentation for explanation.
Type  H <return>  for immediate help.
 ...                                              
                                                  
l.1 ...–µ–Ω–∏–µ –º–µ—Ç–æ–¥–∞ –ú-–ø–æ—Å–ª–µ–¥–æ–≤–∞
                                                  —Ç–µ–ª—å–Ω–æ—Å—Ç–∏ –∫ —ç–∫...

You may provide a definition with
\DeclareUnicodeCharacter 


! Package inputenc Error: Unicode character —Ç (U+442)
(inputenc)                not set up for use with LaTeX.

See the inputenc package documentation for explanation.
Type  H <return>  for immediate help.
 ...                                              
                                                  
l.1 ...–Ω–∏–µ –º–µ—Ç–æ–¥–∞ –ú-–ø–æ—Å–ª–µ–¥–æ–≤–∞—Ç
                                                  –µ–ª—å–Ω–æ—Å—Ç–∏ –∫ —ç–∫—Å...

You may provide a definition with
\DeclareUnicodeCharacter 


! Package inputenc Error: Unicode character –µ (U+435)
(inputenc)                not set up for use with LaTeX.

See the inputenc package documentation for explanation.
Type  H <return>  for immediate help.
 ...                                              
                                                  
l.1 ...–∏–µ –º–µ—Ç–æ–¥–∞ –ú-–ø–æ—Å–ª–µ–¥–æ–≤–∞—Ç–µ
                                                  –ª—å–Ω–æ—Å—Ç–∏ –∫ —ç–∫—Å–ø...

You may provide a definition with
\DeclareUnicodeCharacter 


! Package inputenc Error: Unicode character –ª (U+43B)
(inputenc)                not set up for use with LaTeX.

See the inputenc package documentation for explanation.
Type  H <return>  for immediate help.
 ...                                              
                                                  
l.1 ...–µ –º–µ—Ç–æ–¥–∞ –ú-–ø–æ—Å–ª–µ–¥–æ–≤–∞—Ç–µ–ª
                                                  —å–Ω–æ—Å—Ç–∏ –∫ —ç–∫—Å–ø–µ...

You may provide a definition with
\DeclareUnicodeCharacter 


! Package inputenc Error: Unicode character —å (U+44C)
(inputenc)                not set up for use with LaTeX.

See the inputenc package documentation for explanation.
Type  H <return>  for immediate help.
 ...                                              
                                                  
l.1 ... –º–µ—Ç–æ–¥–∞ –ú-–ø–æ—Å–ª–µ–¥–æ–≤–∞—Ç–µ–ª—å
                                                  –Ω–æ—Å—Ç–∏ –∫ —ç–∫—Å–ø–µ—Ä...

You may provide a definition with
\DeclareUnicodeCharacter 


! Package inputenc Error: Unicode character –Ω (U+43D)
(inputenc)                not set up for use with LaTeX.

See the inputenc package documentation for explanation.
Type  H <return>  for immediate help.
 ...                                              
                                                  
l.1 ...º–µ—Ç–æ–¥–∞ –ú-–ø–æ—Å–ª–µ–¥–æ–≤–∞—Ç–µ–ª—å–Ω
                                                  –æ—Å—Ç–∏ –∫ —ç–∫—Å–ø–µ—Ä–∏...

You may provide a definition with
\DeclareUnicodeCharacter 


! Package inputenc Error: Unicode character –æ (U+43E)
(inputenc)                not set up for use with LaTeX.

See the inputenc package documentation for explanation.
Type  H <return>  for immediate help.
 ...                                              
                                                  
l.1 ...µ—Ç–æ–¥–∞ –ú-–ø–æ—Å–ª–µ–¥–æ–≤–∞—Ç–µ–ª—å–Ω–æ
                                                  —Å—Ç–∏ –∫ —ç–∫—Å–ø–µ—Ä–∏–º...

You may provide a definition with
\DeclareUnicodeCharacter 


! Package inputenc Error: Unicode character —Å (U+441)
(inputenc)                not set up for use with LaTeX.

See the inputenc package documentation for explanation.
Type  H <return>  for immediate help.
 ...                                              
                                                  
l.1 ...Ç–æ–¥–∞ –ú-–ø–æ—Å–ª–µ–¥–æ–≤–∞—Ç–µ–ª—å–Ω–æ—Å
                                                  —Ç–∏ –∫ —ç–∫—Å–ø–µ—Ä–∏–º–µ...

You may provide a definition with
\DeclareUnicodeCharacter 


! Package inputenc Error: Unicode character —Ç (U+442)
(inputenc)                not set up for use with LaTeX.

See the inputenc package documentation for explanation.
Type  H <return>  for immediate help.
 ...                                              
                                                  
l.1 ...æ–¥–∞ –ú-–ø–æ—Å–ª–µ–¥–æ–≤–∞—Ç–µ–ª—å–Ω–æ—Å—Ç
                                                  –∏ –∫ —ç–∫—Å–ø–µ—Ä–∏–º–µ–Ω...

You may provide a definition with
\DeclareUnicodeCharacter 


! Package inputenc Error: Unicode character –∏ (U+438)
(inputenc)                not set up for use with LaTeX.

See the inputenc package documentation for explanation.
Type  H <return>  for immediate help.
 ...                                              
                                                  
l.1 ...¥–∞ –ú-–ø–æ—Å–ª–µ–¥–æ–≤–∞—Ç–µ–ª—å–Ω–æ—Å—Ç–∏
                                                   –∫ —ç–∫—Å–ø–µ—Ä–∏–º–µ–Ω—Ç...

You may provide a definition with
\DeclareUnicodeCharacter 


! Package inputenc Error: Unicode character –∫ (U+43A)
(inputenc)                not set up for use with LaTeX.

See the inputenc package documentation for explanation.
Type  H <return>  for immediate help.
 ...                                              
                                                  
l.1 ... –ú-–ø–æ—Å–ª–µ–¥–æ–≤–∞—Ç–µ–ª—å–Ω–æ—Å—Ç–∏ –∫
                                                   —ç–∫—Å–ø–µ—Ä–∏–º–µ–Ω—Ç–∞–...

You may provide a definition with
\DeclareUnicodeCharacter 


! Package inputenc Error: Unicode character —ç (U+44D)
(inputenc)                not set up for use with LaTeX.

See the inputenc package documentation for explanation.
Type  H <return>  for immediate help.
 ...                                              
                                                  
l.1 ...-–ø–æ—Å–ª–µ–¥–æ–≤–∞—Ç–µ–ª—å–Ω–æ—Å—Ç–∏ –∫ —ç
                                                  –∫—Å–ø–µ—Ä–∏–º–µ–Ω—Ç–∞–ª—å...

You may provide a definition with
\DeclareUnicodeCharacter 


! Package inputenc Error: Unicode character –∫ (U+43A)
(inputenc)                not set up for use with LaTeX.

See the inputenc package documentation for explanation.
Type  H <return>  for immediate help.
 ...                                              
                                                  
l.1 ...ø–æ—Å–ª–µ–¥–æ–≤–∞—Ç–µ–ª—å–Ω–æ—Å—Ç–∏ –∫ —ç–∫
                                                  —Å–ø–µ—Ä–∏–º–µ–Ω—Ç–∞–ª—å–Ω...

You may provide a definition with
\DeclareUnicodeCharacter 


! Package inputenc Error: Unicode character —Å (U+441)
(inputenc)                not set up for use with LaTeX.

See the inputenc package documentation for explanation.
Type  H <return>  for immediate help.
 ...                                              
                                                  
l.1 ...æ—Å–ª–µ–¥–æ–≤–∞—Ç–µ–ª—å–Ω–æ—Å—Ç–∏ –∫ —ç–∫—Å
                                                  –ø–µ—Ä–∏–º–µ–Ω—Ç–∞–ª—å–Ω–æ...

You may provide a definition with
\DeclareUnicodeCharacter 


! Package inputenc Error: Unicode character –ø (U+43F)
(inputenc)                not set up for use with LaTeX.

See the inputenc package documentation for explanation.
Type  H <return>  for immediate help.
 ...                                              
                                                  
l.1 ...Å–ª–µ–¥–æ–≤–∞—Ç–µ–ª—å–Ω–æ—Å—Ç–∏ –∫ —ç–∫—Å–ø
                                                  –µ—Ä–∏–º–µ–Ω—Ç–∞–ª—å–Ω–æ–º...

You may provide a definition with
\DeclareUnicodeCharacter 


! Package inputenc Error: Unicode character –µ (U+435)
(inputenc)                not set up for use with LaTeX.

See the inputenc package documentation for explanation.
Type  H <return>  for immediate help.
 ...                                              
                                                  
l.1 ...ª–µ–¥–æ–≤–∞—Ç–µ–ª—å–Ω–æ—Å—Ç–∏ –∫ —ç–∫—Å–ø–µ
                                                  —Ä–∏–º–µ–Ω—Ç–∞–ª—å–Ω–æ–º—É...

You may provide a definition with
\DeclareUnicodeCharacter 


! Package inputenc Error: Unicode character —Ä (U+440)
(inputenc)                not set up for use with LaTeX.

See the inputenc package documentation for explanation.
Type  H <return>  for immediate help.
 ...                                              
                                                  
l.1 ...µ–¥–æ–≤–∞—Ç–µ–ª—å–Ω–æ—Å—Ç–∏ –∫ —ç–∫—Å–ø–µ—Ä
                                                  –∏–º–µ–Ω—Ç–∞–ª—å–Ω–æ–º—É –...

You may provide a definition with
\DeclareUnicodeCharacter 


! Package inputenc Error: Unicode character –∏ (U+438)
(inputenc)                not set up for use with LaTeX.

See the inputenc package documentation for explanation.
Type  H <return>  for immediate help.
 ...                                              
                                                  
l.1 ...¥–æ–≤–∞—Ç–µ–ª—å–Ω–æ—Å—Ç–∏ –∫ —ç–∫—Å–ø–µ—Ä–∏
                                                  –º–µ–Ω—Ç–∞–ª—å–Ω–æ–º—É –∏—...

You may provide a definition with
\DeclareUnicodeCharacter 


! Package inputenc Error: Unicode character –º (U+43C)
(inputenc)                not set up for use with LaTeX.

See the inputenc package documentation for explanation.
Type  H <return>  for immediate help.
 ...                                              
                                                  
l.1 ...æ–≤–∞—Ç–µ–ª—å–Ω–æ—Å—Ç–∏ –∫ —ç–∫—Å–ø–µ—Ä–∏–º
                                                  –µ–Ω—Ç–∞–ª—å–Ω–æ–º—É –∏—Å—...

You may provide a definition with
\DeclareUnicodeCharacter 


! Package inputenc Error: Unicode character –µ (U+435)
(inputenc)                not set up for use with LaTeX.

See the inputenc package documentation for explanation.
Type  H <return>  for immediate help.
 ...                                              
                                                  
l.1 ...≤–∞—Ç–µ–ª—å–Ω–æ—Å—Ç–∏ –∫ —ç–∫—Å–ø–µ—Ä–∏–º–µ
                                                  –Ω—Ç–∞–ª—å–Ω–æ–º—É –∏—Å—Å–...

You may provide a definition with
\DeclareUnicodeCharacter 


! Package inputenc Error: Unicode character –Ω (U+43D)
(inputenc)                not set up for use with LaTeX.

See the inputenc package documentation for explanation.
Type  H <return>  for immediate help.
 ...                                              
                                                  
l.1 ...∞—Ç–µ–ª—å–Ω–æ—Å—Ç–∏ –∫ —ç–∫—Å–ø–µ—Ä–∏–º–µ–Ω
                                                  —Ç–∞–ª—å–Ω–æ–º—É –∏—Å—Å–ª–...

You may provide a definition with
\DeclareUnicodeCharacter 


! Package inputenc Error: Unicode character —Ç (U+442)
(inputenc)                not set up for use with LaTeX.

See the inputenc package documentation for explanation.
Type  H <return>  for immediate help.
 ...                                              
                                                  
l.1 ...Ç–µ–ª—å–Ω–æ—Å—Ç–∏ –∫ —ç–∫—Å–ø–µ—Ä–∏–º–µ–Ω—Ç
                                                  –∞–ª—å–Ω–æ–º—É –∏—Å—Å–ª–µ–...

You may provide a definition with
\DeclareUnicodeCharacter 


! Package inputenc Error: Unicode character –∞ (U+430)
(inputenc)                not set up for use with LaTeX.

See the inputenc package documentation for explanation.
Type  H <return>  for immediate help.
 ...                                              
                                                  
l.1 ...µ–ª—å–Ω–æ—Å—Ç–∏ –∫ —ç–∫—Å–ø–µ—Ä–∏–º–µ–Ω—Ç–∞
                                                  –ª—å–Ω–æ–º—É –∏—Å—Å–ª–µ–¥–...

You may provide a definition with
\DeclareUnicodeCharacter 


! Package inputenc Error: Unicode character –ª (U+43B)
(inputenc)                not set up for use with LaTeX.

See the inputenc package documentation for explanation.
Type  H <return>  for immediate help.
 ...                                              
                                                  
l.1 ...ª—å–Ω–æ—Å—Ç–∏ –∫ —ç–∫—Å–ø–µ—Ä–∏–º–µ–Ω—Ç–∞–ª
                                                  —å–Ω–æ–º—É –∏—Å—Å–ª–µ–¥–æ–...

You may provide a definition with
\DeclareUnicodeCharacter 


! Package inputenc Error: Unicode character —å (U+44C)
(inputenc)                not set up for use with LaTeX.

See the inputenc package documentation for explanation.
Type  H <return>  for immediate help.
 ...                                              
                                                  
l.1 ...å–Ω–æ—Å—Ç–∏ –∫ —ç–∫—Å–ø–µ—Ä–∏–º–µ–Ω—Ç–∞–ª—å
                                                  –Ω–æ–º—É –∏—Å—Å–ª–µ–¥–æ–≤–...

You may provide a definition with
\DeclareUnicodeCharacter 


! Package inputenc Error: Unicode character –Ω (U+43D)
(inputenc)                not set up for use with LaTeX.

See the inputenc package documentation for explanation.
Type  H <return>  for immediate help.
 ...                                              
                                                  
l.1 ...Ω–æ—Å—Ç–∏ –∫ —ç–∫—Å–ø–µ—Ä–∏–º–µ–Ω—Ç–∞–ª—å–Ω
                                                  –æ–º—É –∏—Å—Å–ª–µ–¥–æ–≤–∞–...

You may provide a definition with
\DeclareUnicodeCharacter 


! Package inputenc Error: Unicode character –æ (U+43E)
(inputenc)                not set up for use with LaTeX.

See the inputenc package documentation for explanation.
Type  H <return>  for immediate help.
 ...                                              
                                                  
l.1 ...æ—Å—Ç–∏ –∫ —ç–∫—Å–ø–µ—Ä–∏–º–µ–Ω—Ç–∞–ª—å–Ω–æ
                                                  –º—É –∏—Å—Å–ª–µ–¥–æ–≤–∞–Ω–...

You may provide a definition with
\DeclareUnicodeCharacter 


! Package inputenc Error: Unicode character –º (U+43C)
(inputenc)                not set up for use with LaTeX.

See the inputenc package documentation for explanation.
Type  H <return>  for immediate help.
 ...                                              
                                                  
l.1 ...Å—Ç–∏ –∫ —ç–∫—Å–ø–µ—Ä–∏–º–µ–Ω—Ç–∞–ª—å–Ω–æ–º
                                                  —É –∏—Å—Å–ª–µ–¥–æ–≤–∞–Ω–∏—...

You may provide a definition with
\DeclareUnicodeCharacter 


! Package inputenc Error: Unicode character —É (U+443)
(inputenc)                not set up for use with LaTeX.

See the inputenc package documentation for explanation.
Type  H <return>  for immediate help.
 ...                                              
                                                  
l.1 ...Ç–∏ –∫ —ç–∫—Å–ø–µ—Ä–∏–º–µ–Ω—Ç–∞–ª—å–Ω–æ–º—É
                                                   –∏—Å—Å–ª–µ–¥–æ–≤–∞–Ω–∏—é ...

You may provide a definition with
\DeclareUnicodeCharacter 


! Package inputenc Error: Unicode character –∏ (U+438)
(inputenc)                not set up for use with LaTeX.

See the inputenc package documentation for explanation.
Type  H <return>  for immediate help.
 ...                                              
                                                  
l.1 ... –∫ —ç–∫—Å–ø–µ—Ä–∏–º–µ–Ω—Ç–∞–ª—å–Ω–æ–º—É –∏
                                                  —Å—Å–ª–µ–¥–æ–≤–∞–Ω–∏—é –¥–...

You may provide a definition with
\DeclareUnicodeCharacter 


! Package inputenc Error: Unicode character —Å (U+441)
(inputenc)                not set up for use with LaTeX.

See the inputenc package documentation for explanation.
Type  H <return>  for immediate help.
 ...                                              
                                                  
l.1 ...∫ —ç–∫—Å–ø–µ—Ä–∏–º–µ–Ω—Ç–∞–ª—å–Ω–æ–º—É –∏—Å
                                                  —Å–ª–µ–¥–æ–≤–∞–Ω–∏—é –¥–∏—...

You may provide a definition with
\DeclareUnicodeCharacter 


! Package inputenc Error: Unicode character —Å (U+441)
(inputenc)                not set up for use with LaTeX.

See the inputenc package documentation for explanation.
Type  H <return>  for immediate help.
 ...                                              
                                                  
l.1 ...—ç–∫—Å–ø–µ—Ä–∏–º–µ–Ω—Ç–∞–ª—å–Ω–æ–º—É –∏—Å—Å
                                                  –ª–µ–¥–æ–≤–∞–Ω–∏—é –¥–∏—Ñ—...

You may provide a definition with
\DeclareUnicodeCharacter 


! Package inputenc Error: Unicode character –ª (U+43B)
(inputenc)                not set up for use with LaTeX.

See the inputenc package documentation for explanation.
Type  H <return>  for immediate help.
 ...                                              
                                                  
l.1 ...–∫—Å–ø–µ—Ä–∏–º–µ–Ω—Ç–∞–ª—å–Ω–æ–º—É –∏—Å—Å–ª
                                                  –µ–¥–æ–≤–∞–Ω–∏—é –¥–∏—Ñ—Ä–...

You may provide a definition with
\DeclareUnicodeCharacter 


! Package inputenc Error: Unicode character –µ (U+435)
(inputenc)                not set up for use with LaTeX.

See the inputenc package documentation for explanation.
Type  H <return>  for immediate help.
 ...                                              
                                                  
l.1 ...—Å–ø–µ—Ä–∏–º–µ–Ω—Ç–∞–ª—å–Ω–æ–º—É –∏—Å—Å–ª–µ
                                                  –¥–æ–≤–∞–Ω–∏—é –¥–∏—Ñ—Ä–∞–...

You may provide a definition with
\DeclareUnicodeCharacter 


! Package inputenc Error: Unicode character –¥ (U+434)
(inputenc)                not set up for use with LaTeX.

See the inputenc package documentation for explanation.
Type  H <return>  for immediate help.
 ...                                              
                                                  
l.1 ...–ø–µ—Ä–∏–º–µ–Ω—Ç–∞–ª—å–Ω–æ–º—É –∏—Å—Å–ª–µ–¥
                                                  –æ–≤–∞–Ω–∏—é –¥–∏—Ñ—Ä–∞–∫—...

You may provide a definition with
\DeclareUnicodeCharacter 


! Package inputenc Error: Unicode character –æ (U+43E)
(inputenc)                not set up for use with LaTeX.

See the inputenc package documentation for explanation.
Type  H <return>  for immediate help.
 ...                                              
                                                  
l.1 ...–µ—Ä–∏–º–µ–Ω—Ç–∞–ª—å–Ω–æ–º—É –∏—Å—Å–ª–µ–¥–æ
                                                  –≤–∞–Ω–∏—é –¥–∏—Ñ—Ä–∞–∫—Ü–...

You may provide a definition with
\DeclareUnicodeCharacter 


! Package inputenc Error: Unicode character –≤ (U+432)
(inputenc)                not set up for use with LaTeX.

See the inputenc package documentation for explanation.
Type  H <return>  for immediate help.
 ...                                              
                                                  
l.1 ...—Ä–∏–º–µ–Ω—Ç–∞–ª—å–Ω–æ–º—É –∏—Å—Å–ª–µ–¥–æ–≤
                                                  –∞–Ω–∏—é –¥–∏—Ñ—Ä–∞–∫—Ü–∏–...

You may provide a definition with
\DeclareUnicodeCharacter 


! Package inputenc Error: Unicode character –∞ (U+430)
(inputenc)                not set up for use with LaTeX.

See the inputenc package documentation for explanation.
Type  H <return>  for immediate help.
 ...                                              
                                                  
l.1 ...–∏–º–µ–Ω—Ç–∞–ª—å–Ω–æ–º—É –∏—Å—Å–ª–µ–¥–æ–≤–∞
                                                  –Ω–∏—é –¥–∏—Ñ—Ä–∞–∫—Ü–∏–æ–...

You may provide a definition with
\DeclareUnicodeCharacter 


! Package inputenc Error: Unicode character –Ω (U+43D)
(inputenc)                not set up for use with LaTeX.

See the inputenc package documentation for explanation.
Type  H <return>  for immediate help.
 ...                                              
                                                  
l.1 ...–º–µ–Ω—Ç–∞–ª—å–Ω–æ–º—É –∏—Å—Å–ª–µ–¥–æ–≤–∞–Ω
                                                  –∏—é –¥–∏—Ñ—Ä–∞–∫—Ü–∏–æ–Ω–...

You may provide a definition with
\DeclareUnicodeCharacter 


! Package inputenc Error: Unicode character –∏ (U+438)
(inputenc)                not set up for use with LaTeX.

See the inputenc package documentation for explanation.
Type  H <return>  for immediate help.
 ...                                              
                                                  
l.1 ...–µ–Ω—Ç–∞–ª—å–Ω–æ–º—É –∏—Å—Å–ª–µ–¥–æ–≤–∞–Ω–∏
                                                  —é –¥–∏—Ñ—Ä–∞–∫—Ü–∏–æ–Ω–Ω—...

You may provide a definition with
\DeclareUnicodeCharacter 


! Package inputenc Error: Unicode character —é (U+44E)
(inputenc)                not set up for use with LaTeX.

See the inputenc package documentation for explanation.
Type  H <return>  for immediate help.
 ...                                              
                                                  
l.1 ...–Ω—Ç–∞–ª—å–Ω–æ–º—É –∏—Å—Å–ª–µ–¥–æ–≤–∞–Ω–∏—é
                                                   –¥–∏—Ñ—Ä–∞–∫—Ü–∏–æ–Ω–Ω—ã—...

You may provide a definition with
\DeclareUnicodeCharacter 


! Package inputenc Error: Unicode character –¥ (U+434)
(inputenc)                not set up for use with LaTeX.

See the inputenc package documentation for explanation.
Type  H <return>  for immediate help.
 ...                                              
                                                  
l.1 ...Ç–∞–ª—å–Ω–æ–º—É –∏—Å—Å–ª–µ–¥–æ–≤–∞–Ω–∏—é –¥
                                                  –∏—Ñ—Ä–∞–∫—Ü–∏–æ–Ω–Ω—ã—Ö –...

You may provide a definition with
\DeclareUnicodeCharacter 


! Package inputenc Error: Unicode character –∏ (U+438)
(inputenc)                not set up for use with LaTeX.

See the inputenc package documentation for explanation.
Type  H <return>  for immediate help.
 ...                                              
                                                  
l.1 ...∞–ª—å–Ω–æ–º—É –∏—Å—Å–ª–µ–¥–æ–≤–∞–Ω–∏—é –¥–∏
                                                  —Ñ—Ä–∞–∫—Ü–∏–æ–Ω–Ω—ã—Ö –∑–...

You may provide a definition with
\DeclareUnicodeCharacter 


! Package inputenc Error: Unicode character —Ñ (U+444)
(inputenc)                not set up for use with LaTeX.

See the inputenc package documentation for explanation.
Type  H <return>  for immediate help.
 ...                                              
                                                  
l.1 ...ª—å–Ω–æ–º—É –∏—Å—Å–ª–µ–¥–æ–≤–∞–Ω–∏—é –¥–∏—Ñ
                                                  —Ä–∞–∫—Ü–∏–æ–Ω–Ω—ã—Ö –∑–∞–...

You may provide a definition with
\DeclareUnicodeCharacter 


! Package inputenc Error: Unicode character —Ä (U+440)
(inputenc)                not set up for use with LaTeX.

See the inputenc package documentation for explanation.
Type  H <return>  for immediate help.
 ...                                              
                                                  
l.1 ...å–Ω–æ–º—É –∏—Å—Å–ª–µ–¥–æ–≤–∞–Ω–∏—é –¥–∏—Ñ—Ä
                                                  –∞–∫—Ü–∏–æ–Ω–Ω—ã—Ö –∑–∞–¥–...

You may provide a definition with
\DeclareUnicodeCharacter 


! Package inputenc Error: Unicode character –∞ (U+430)
(inputenc)                not set up for use with LaTeX.

See the inputenc package documentation for explanation.
Type  H <return>  for immediate help.
 ...                                              
                                                  
l.1 ...Ω–æ–º—É –∏—Å—Å–ª–µ–¥–æ–≤–∞–Ω–∏—é –¥–∏—Ñ—Ä–∞
                                                  –∫—Ü–∏–æ–Ω–Ω—ã—Ö –∑–∞–¥–∞—á}
You may provide a definition with
\DeclareUnicodeCharacter 


! Package inputenc Error: Unicode character –∫ (U+43A)
(inputenc)                not set up for use with LaTeX.

See the inputenc package documentation for explanation.
Type  H <return>  for immediate help.
 ...                                              
                                                  
l.1 ...æ–º—É –∏—Å—Å–ª–µ–¥–æ–≤–∞–Ω–∏—é –¥–∏—Ñ—Ä–∞–∫
                                                  —Ü–∏–æ–Ω–Ω—ã—Ö –∑–∞–¥–∞—á}
You may provide a definition with
\DeclareUnicodeCharacter 


! Package inputenc Error: Unicode character —Ü (U+446)
(inputenc)                not set up for use with LaTeX.

See the inputenc package documentation for explanation.
Type  H <return>  for immediate help.
 ...                                              
                                                  
l.1 ...º—É –∏—Å—Å–ª–µ–¥–æ–≤–∞–Ω–∏—é –¥–∏—Ñ—Ä–∞–∫—Ü
                                                  –∏–æ–Ω–Ω—ã—Ö –∑–∞–¥–∞—á}
You may provide a definition with
\DeclareUnicodeCharacter 


! Package inputenc Error: Unicode character –∏ (U+438)
(inputenc)                not set up for use with LaTeX.

See the inputenc package documentation for explanation.
Type  H <return>  for immediate help.
 ...                                              
                                                  
l.1 ...É –∏—Å—Å–ª–µ–¥–æ–≤–∞–Ω–∏—é –¥–∏—Ñ—Ä–∞–∫—Ü–∏
                                                  –æ–Ω–Ω—ã—Ö –∑–∞–¥–∞—á}
You may provide a definition with
\DeclareUnicodeCharacter 


! Package inputenc Error: Unicode character –æ (U+43E)
(inputenc)                not set up for use with LaTeX.

See the inputenc package documentation for explanation.
Type  H <return>  for immediate help.
 ...                                              
                                                  
l.1 ...–∏—Å—Å–ª–µ–¥–æ–≤–∞–Ω–∏—é –¥–∏—Ñ—Ä–∞–∫—Ü–∏–æ
                                                  –Ω–Ω—ã—Ö –∑–∞–¥–∞—á}
You may provide a definition with
\DeclareUnicodeCharacter 


! Package inputenc Error: Unicode character –Ω (U+43D)
(inputenc)                not set up for use with LaTeX.

See the inputenc package documentation for explanation.
Type  H <return>  for immediate help.
 ...                                              
                                                  
l.1 ...—Å—Å–ª–µ–¥–æ–≤–∞–Ω–∏—é –¥–∏—Ñ—Ä–∞–∫—Ü–∏–æ–Ω
                                                  –Ω—ã—Ö –∑–∞–¥–∞—á}
You may provide a definition with
\DeclareUnicodeCharacter 


! Package inputenc Error: Unicode character –Ω (U+43D)
(inputenc)                not set up for use with LaTeX.

See the inputenc package documentation for explanation.
Type  H <return>  for immediate help.
 ...                                              
                                                  
l.1 ...—Å–ª–µ–¥–æ–≤–∞–Ω–∏—é –¥–∏—Ñ—Ä–∞–∫—Ü–∏–æ–Ω–Ω
                                                  —ã—Ö –∑–∞–¥–∞—á}
You may provide a definition with
\DeclareUnicodeCharacter 


! Package inputenc Error: Unicode character —ã (U+44B)
(inputenc)                not set up for use with LaTeX.

See the inputenc package documentation for explanation.
Type  H <return>  for immediate help.
 ...                                              
                                                  
l.1 ...–ª–µ–¥–æ–≤–∞–Ω–∏—é –¥–∏—Ñ—Ä–∞–∫—Ü–∏–æ–Ω–Ω—ã
                                                  —Ö –∑–∞–¥–∞—á}
You may provide a definition with
\DeclareUnicodeCharacter 


! Package inputenc Error: Unicode character —Ö (U+445)
(inputenc)                not set up for use with LaTeX.

See the inputenc package documentation for explanation.
Type  H <return>  for immediate help.
 ...                                              
                                                  
l.1 ...–µ–¥–æ–≤–∞–Ω–∏—é –¥–∏—Ñ—Ä–∞–∫—Ü–∏–æ–Ω–Ω—ã—Ö
                                                   –∑–∞–¥–∞—á}
You may provide a definition with
\DeclareUnicodeCharacter 


! Package inputenc Error: Unicode character –∑ (U+437)
(inputenc)                not set up for use with LaTeX.

See the inputenc package documentation for explanation.
Type  H <return>  for immediate help.
 ...                                              
                                                  
l.1 ...¥–æ–≤–∞–Ω–∏—é –¥–∏—Ñ—Ä–∞–∫—Ü–∏–æ–Ω–Ω—ã—Ö –∑
                                                  –∞–¥–∞—á}
You may provide a definition with
\DeclareUnicodeCharacter 


! Package inputenc Error: Unicode character –∞ (U+430)
(inputenc)                not set up for use with LaTeX.

See the inputenc package documentation for explanation.
Type  H <return>  for immediate help.
 ...                                              
                                                  
l.1 ...æ–≤–∞–Ω–∏—é –¥–∏—Ñ—Ä–∞–∫—Ü–∏–æ–Ω–Ω—ã—Ö –∑–∞
                                                  –¥–∞—á}
You may provide a definition with
\DeclareUnicodeCharacter 


! Package inputenc Error: Unicode character –¥ (U+434)
(inputenc)                not set up for use with LaTeX.

See the inputenc package documentation for explanation.
Type  H <return>  for immediate help.
 ...                                              
                                                  
l.1 ...≤–∞–Ω–∏—é –¥–∏—Ñ—Ä–∞–∫—Ü–∏–æ–Ω–Ω—ã—Ö –∑–∞–¥
                                                  –∞—á}
You may provide a definition with
\DeclareUnicodeCharacter 


! Package inputenc Error: Unicode character –∞ (U+430)
(inputenc)                not set up for use with LaTeX.

See the inputenc package documentation for explanation.
Type  H <return>  for immediate help.
 ...                                              
                                                  
l.1 ...∞–Ω–∏—é –¥–∏—Ñ—Ä–∞–∫—Ü–∏–æ–Ω–Ω—ã—Ö –∑–∞–¥–∞
                                                  —á}
You may provide a definition with
\DeclareUnicodeCharacter 


! Package inputenc Error: Unicode character —á (U+447)
(inputenc)                not set up for use with LaTeX.

See the inputenc package documentation for explanation.
Type  H <return>  for immediate help.
 ...                                              
                                                  
l.1 ...Ω–∏—é –¥–∏—Ñ—Ä–∞–∫—Ü–∏–æ–Ω–Ω—ã—Ö –∑–∞–¥–∞—á
                                                  }
You may provide a definition with
\DeclareUnicodeCharacter 


Overfull \hbox (20.0pt too wide) in paragraph at lines 1--2
[]
 []


! Package inputenc Error: Unicode character –í (U+412)
(inputenc)                not set up for use with LaTeX.

See the inputenc package documentation for explanation.
Type  H <return>  for immediate help.
 ...                                              
                                                  
l.3 –í
       –¥–∞–Ω–Ω–æ–π –≥–ª–∞–≤–µ –æ–ø–∏—Å—ã–≤–∞–µ—Ç—Å—è –ø—Ä–∏–º–µ–Ω–µ–Ω–∏–µ –...

You may provide a definition with
\DeclareUnicodeCharacter 


! Package inputenc Error: Unicode character –¥ (U+434)
(inputenc)                not set up for use with LaTeX.

See the inputenc package documentation for explanation.
Type  H <return>  for immediate help.
 ...                                              
                                                  
l.3 –í –¥
         –∞–Ω–Ω–æ–π –≥–ª–∞–≤–µ –æ–ø–∏—Å—ã–≤–∞–µ—Ç—Å—è –ø—Ä–∏–º–µ–Ω–µ–Ω–∏–µ –...

You may provide a definition with
\DeclareUnicodeCharacter 


! Package inputenc Error: Unicode character –∞ (U+430)
(inputenc)                not set up for use with LaTeX.

See the inputenc package documentation for explanation.
Type  H <return>  for immediate help.
 ...                                              
                                                  
l.3 –í –¥–∞
           –Ω–Ω–æ–π –≥–ª–∞–≤–µ –æ–ø–∏—Å—ã–≤–∞–µ—Ç—Å—è –ø—Ä–∏–º–µ–Ω–µ–Ω–∏–µ –...

You may provide a definition with
\DeclareUnicodeCharacter 


! Package inputenc Error: Unicode character –Ω (U+43D)
(inputenc)                not set up for use with LaTeX.

See the inputenc package documentation for explanation.
Type  H <return>  for immediate help.
 ...                                              
                                                  
l.3 –í –¥–∞–Ω
             –Ω–æ–π –≥–ª–∞–≤–µ –æ–ø–∏—Å—ã–≤–∞–µ—Ç—Å—è –ø—Ä–∏–º–µ–Ω–µ–Ω–∏–µ –...

You may provide a definition with
\DeclareUnicodeCharacter 


! Package inputenc Error: Unicode character –Ω (U+43D)
(inputenc)                not set up for use with LaTeX.

See the inputenc package documentation for explanation.
Type  H <return>  for immediate help.
 ...                                              
                                                  
l.3 –í –¥–∞–Ω–Ω
               –æ–π –≥–ª–∞–≤–µ –æ–ø–∏—Å—ã–≤–∞–µ—Ç—Å—è –ø—Ä–∏–º–µ–Ω–µ–Ω–∏–µ –...

You may provide a definition with
\DeclareUnicodeCharacter 


! Package inputenc Error: Unicode character –æ (U+43E)
(inputenc)                not set up for use with LaTeX.

See the inputenc package documentation for explanation.
Type  H <return>  for immediate help.
 ...                                              
                                                  
l.3 –í –¥–∞–Ω–Ω–æ
                 –π –≥–ª–∞–≤–µ –æ–ø–∏—Å—ã–≤–∞–µ—Ç—Å—è –ø—Ä–∏–º–µ–Ω–µ–Ω–∏–µ –...

You may provide a definition with
\DeclareUnicodeCharacter 


! Package inputenc Error: Unicode character –π (U+439)
(inputenc)                not set up for use with LaTeX.

See the inputenc package documentation for explanation.
Type  H <return>  for immediate help.
 ...                                              
                                                  
l.3 –í –¥–∞–Ω–Ω–æ–π
                    –≥–ª–∞–≤–µ –æ–ø–∏—Å—ã–≤–∞–µ—Ç—Å—è –ø—Ä–∏–º–µ–Ω–µ–Ω–∏–µ –...

You may provide a definition with
\DeclareUnicodeCharacter 


! Package inputenc Error: Unicode character –≥ (U+433)
(inputenc)                not set up for use with LaTeX.

See the inputenc package documentation for explanation.
Type  H <return>  for immediate help.
 ...                                              
                                                  
l.3 –í –¥–∞–Ω–Ω–æ–π –≥
                      –ª–∞–≤–µ –æ–ø–∏—Å—ã–≤–∞–µ—Ç—Å—è –ø—Ä–∏–º–µ–Ω–µ–Ω–∏–µ –...

You may provide a definition with
\DeclareUnicodeCharacter 


! Package inputenc Error: Unicode character –ª (U+43B)
(inputenc)                not set up for use with LaTeX.

See the inputenc package documentation for explanation.
Type  H <return>  for immediate help.
 ...                                              
                                                  
l.3 –í –¥–∞–Ω–Ω–æ–π –≥–ª
                        –∞–≤–µ –æ–ø–∏—Å—ã–≤–∞–µ—Ç—Å—è –ø—Ä–∏–º–µ–Ω–µ–Ω–∏–µ –...

You may provide a definition with
\DeclareUnicodeCharacter 


! Package inputenc Error: Unicode character –∞ (U+430)
(inputenc)                not set up for use with LaTeX.

See the inputenc package documentation for explanation.
Type  H <return>  for immediate help.
 ...                                              
                                                  
l.3 –í –¥–∞–Ω–Ω–æ–π –≥–ª–∞
                          –≤–µ –æ–ø–∏—Å—ã–≤–∞–µ—Ç—Å—è –ø—Ä–∏–º–µ–Ω–µ–Ω–∏–µ –...

You may provide a definition with
\DeclareUnicodeCharacter 


! Package inputenc Error: Unicode character –≤ (U+432)
(inputenc)                not set up for use with LaTeX.

See the inputenc package documentation for explanation.
Type  H <return>  for immediate help.
 ...                                              
                                                  
l.3 –í –¥–∞–Ω–Ω–æ–π –≥–ª–∞–≤
                            –µ –æ–ø–∏—Å—ã–≤–∞–µ—Ç—Å—è –ø—Ä–∏–º–µ–Ω–µ–Ω–∏–µ –...

You may provide a definition with
\DeclareUnicodeCharacter 


! Package inputenc Error: Unicode character –µ (U+435)
(inputenc)                not set up for use with LaTeX.

See the inputenc package documentation for explanation.
Type  H <return>  for immediate help.
 ...                                              
                                                  
l.3 –í –¥–∞–Ω–Ω–æ–π –≥–ª–∞–≤–µ
                               –æ–ø–∏—Å—ã–≤–∞–µ—Ç—Å—è –ø—Ä–∏–º–µ–Ω–µ–Ω–∏–µ –...

You may provide a definition with
\DeclareUnicodeCharacter 


! Package inputenc Error: Unicode character –æ (U+43E)
(inputenc)                not set up for use with LaTeX.

See the inputenc package documentation for explanation.
Type  H <return>  for immediate help.
 ...                                              
                                                  
l.3 –í –¥–∞–Ω–Ω–æ–π –≥–ª–∞–≤–µ –æ
                                 –ø–∏—Å—ã–≤–∞–µ—Ç—Å—è –ø—Ä–∏–º–µ–Ω–µ–Ω–∏–µ –...

You may provide a definition with
\DeclareUnicodeCharacter 


! Package inputenc Error: Unicode character –ø (U+43F)
(inputenc)                not set up for use with LaTeX.

See the inputenc package documentation for explanation.
Type  H <return>  for immediate help.
 ...                                              
                                                  
l.3 –í –¥–∞–Ω–Ω–æ–π –≥–ª–∞–≤–µ –æ–ø
                                   –∏—Å—ã–≤–∞–µ—Ç—Å—è –ø—Ä–∏–º–µ–Ω–µ–Ω–∏–µ –...

You may provide a definition with
\DeclareUnicodeCharacter 


! Package inputenc Error: Unicode character –∏ (U+438)
(inputenc)                not set up for use with LaTeX.

See the inputenc package documentation for explanation.
Type  H <return>  for immediate help.
 ...                                              
                                                  
l.3 –í –¥–∞–Ω–Ω–æ–π –≥–ª–∞–≤–µ –æ–ø–∏
                                     —Å—ã–≤–∞–µ—Ç—Å—è –ø—Ä–∏–º–µ–Ω–µ–Ω–∏–µ –...

You may provide a definition with
\DeclareUnicodeCharacter 


! Package inputenc Error: Unicode character —Å (U+441)
(inputenc)                not set up for use with LaTeX.

See the inputenc package documentation for explanation.
Type  H <return>  for immediate help.
 ...                                              
                                                  
l.3 –í –¥–∞–Ω–Ω–æ–π –≥–ª–∞–≤–µ –æ–ø–∏—Å
                                       —ã–≤–∞–µ—Ç—Å—è –ø—Ä–∏–º–µ–Ω–µ–Ω–∏–µ –...

You may provide a definition with
\DeclareUnicodeCharacter 


! Package inputenc Error: Unicode character —ã (U+44B)
(inputenc)                not set up for use with LaTeX.

See the inputenc package documentation for explanation.
Type  H <return>  for immediate help.
 ...                                              
                                                  
l.3 –í –¥–∞–Ω–Ω–æ–π –≥–ª–∞–≤–µ –æ–ø–∏—Å—ã
                                         –≤–∞–µ—Ç—Å—è –ø—Ä–∏–º–µ–Ω–µ–Ω–∏–µ –...

You may provide a definition with
\DeclareUnicodeCharacter 


! Package inputenc Error: Unicode character –≤ (U+432)
(inputenc)                not set up for use with LaTeX.

See the inputenc package documentation for explanation.
Type  H <return>  for immediate help.
 ...                                              
                                                  
l.3 –í –¥–∞–Ω–Ω–æ–π –≥–ª–∞–≤–µ –æ–ø–∏—Å—ã–≤
                                           –∞–µ—Ç—Å—è –ø—Ä–∏–º–µ–Ω–µ–Ω–∏–µ –...

You may provide a definition with
\DeclareUnicodeCharacter 


! Package inputenc Error: Unicode character –∞ (U+430)
(inputenc)                not set up for use with LaTeX.

See the inputenc package documentation for explanation.
Type  H <return>  for immediate help.
 ...                                              
                                                  
l.3 –í –¥–∞–Ω–Ω–æ–π –≥–ª–∞–≤–µ –æ–ø–∏—Å—ã–≤–∞
                                             –µ—Ç—Å—è –ø—Ä–∏–º–µ–Ω–µ–Ω–∏–µ –...

You may provide a definition with
\DeclareUnicodeCharacter 


! Package inputenc Error: Unicode character –µ (U+435)
(inputenc)                not set up for use with LaTeX.

See the inputenc package documentation for explanation.
Type  H <return>  for immediate help.
 ...                                              
                                                  
l.3 –í –¥–∞–Ω–Ω–æ–π –≥–ª–∞–≤–µ –æ–ø–∏—Å—ã–≤–∞–µ
                                               —Ç—Å—è –ø—Ä–∏–º–µ–Ω–µ–Ω–∏–µ –...

You may provide a definition with
\DeclareUnicodeCharacter 


! Package inputenc Error: Unicode character —Ç (U+442)
(inputenc)                not set up for use with LaTeX.

See the inputenc package documentation for explanation.
Type  H <return>  for immediate help.
 ...                                              
                                                  
l.3 –í –¥–∞–Ω–Ω–æ–π –≥–ª–∞–≤–µ –æ–ø–∏—Å—ã–≤–∞–µ—Ç
                                                 —Å—è –ø—Ä–∏–º–µ–Ω–µ–Ω–∏–µ –...

You may provide a definition with
\DeclareUnicodeCharacter 


! Package inputenc Error: Unicode character —Å (U+441)
(inputenc)                not set up for use with LaTeX.

See the inputenc package documentation for explanation.
Type  H <return>  for immediate help.
 ...                                              
                                                  
l.3 ...¥–∞–Ω–Ω–æ–π –≥–ª–∞–≤–µ –æ–ø–∏—Å—ã–≤–∞–µ—Ç—Å
                                                  —è –ø—Ä–∏–º–µ–Ω–µ–Ω–∏–µ –º...

You may provide a definition with
\DeclareUnicodeCharacter 


! Package inputenc Error: Unicode character —è (U+44F)
(inputenc)                not set up for use with LaTeX.

See the inputenc package documentation for explanation.
Type  H <return>  for immediate help.
 ...                                              
                                                  
l.3 ...∞–Ω–Ω–æ–π –≥–ª–∞–≤–µ –æ–ø–∏—Å—ã–≤–∞–µ—Ç—Å—è
                                                   –ø—Ä–∏–º–µ–Ω–µ–Ω–∏–µ –º–µ...

You may provide a definition with
\DeclareUnicodeCharacter 


! Package inputenc Error: Unicode character –ø (U+43F)
(inputenc)                not set up for use with LaTeX.

See the inputenc package documentation for explanation.
Type  H <return>  for immediate help.
 ...                                              
                                                  
l.3 ...–Ω–æ–π –≥–ª–∞–≤–µ –æ–ø–∏—Å—ã–≤–∞–µ—Ç—Å—è –ø
                                                  —Ä–∏–º–µ–Ω–µ–Ω–∏–µ –º–µ—Ç–...

You may provide a definition with
\DeclareUnicodeCharacter 


! Package inputenc Error: Unicode character —Ä (U+440)
(inputenc)                not set up for use with LaTeX.

See the inputenc package documentation for explanation.
Type  H <return>  for immediate help.
 ...                                              
                                                  
l.3 ...–æ–π –≥–ª–∞–≤–µ –æ–ø–∏—Å—ã–≤–∞–µ—Ç—Å—è –ø—Ä
                                                  –∏–º–µ–Ω–µ–Ω–∏–µ –º–µ—Ç–æ–...

You may provide a definition with
\DeclareUnicodeCharacter 


! Package inputenc Error: Unicode character –∏ (U+438)
(inputenc)                not set up for use with LaTeX.

See the inputenc package documentation for explanation.
Type  H <return>  for immediate help.
 ...                                              
                                                  
l.3 ...–π –≥–ª–∞–≤–µ –æ–ø–∏—Å—ã–≤–∞–µ—Ç—Å—è –ø—Ä–∏
                                                  –º–µ–Ω–µ–Ω–∏–µ –º–µ—Ç–æ–¥–...

You may provide a definition with
\DeclareUnicodeCharacter 


! Package inputenc Error: Unicode character –º (U+43C)
(inputenc)                not set up for use with LaTeX.

See the inputenc package documentation for explanation.
Type  H <return>  for immediate help.
 ...                                              
                                                  
l.3 ... –≥–ª–∞–≤–µ –æ–ø–∏—Å—ã–≤–∞–µ—Ç—Å—è –ø—Ä–∏–º
                                                  –µ–Ω–µ–Ω–∏–µ –º–µ—Ç–æ–¥–∞ ...

You may provide a definition with
\DeclareUnicodeCharacter 


! Package inputenc Error: Unicode character –µ (U+435)
(inputenc)                not set up for use with LaTeX.

See the inputenc package documentation for explanation.
Type  H <return>  for immediate help.
 ...                                              
                                                  
l.3 ...≥–ª–∞–≤–µ –æ–ø–∏—Å—ã–≤–∞–µ—Ç—Å—è –ø—Ä–∏–º–µ
                                                  –Ω–µ–Ω–∏–µ –º–µ—Ç–æ–¥–∞ ML...

You may provide a definition with
\DeclareUnicodeCharacter 


! Package inputenc Error: Unicode character –Ω (U+43D)
(inputenc)                not set up for use with LaTeX.

See the inputenc package documentation for explanation.
Type  H <return>  for immediate help.
 ...                                              
                                                  
l.3 ...ª–∞–≤–µ –æ–ø–∏—Å—ã–≤–∞–µ—Ç—Å—è –ø—Ä–∏–º–µ–Ω
                                                  –µ–Ω–∏–µ –º–µ—Ç–æ–¥–∞ MLS ...

You may provide a definition with
\DeclareUnicodeCharacter 


! Package inputenc Error: Unicode character –µ (U+435)
(inputenc)                not set up for use with LaTeX.

See the inputenc package documentation for explanation.
Type  H <return>  for immediate help.
 ...                                              
                                                  
l.3 ...∞–≤–µ –æ–ø–∏—Å—ã–≤–∞–µ—Ç—Å—è –ø—Ä–∏–º–µ–Ω–µ
                                                  –Ω–∏–µ –º–µ—Ç–æ–¥–∞ MLS –∫...

You may provide a definition with
\DeclareUnicodeCharacter 


! Package inputenc Error: Unicode character –Ω (U+43D)
(inputenc)                not set up for use with LaTeX.

See the inputenc package documentation for explanation.
Type  H <return>  for immediate help.
 ...                                              
                                                  
l.3 ...≤–µ –æ–ø–∏—Å—ã–≤–∞–µ—Ç—Å—è –ø—Ä–∏–º–µ–Ω–µ–Ω
                                                  –∏–µ –º–µ—Ç–æ–¥–∞ MLS –∫ –...

You may provide a definition with
\DeclareUnicodeCharacter 


! Package inputenc Error: Unicode character –∏ (U+438)
(inputenc)                not set up for use with LaTeX.

See the inputenc package documentation for explanation.
Type  H <return>  for immediate help.
 ...                                              
                                                  
l.3 ...µ –æ–ø–∏—Å—ã–≤–∞–µ—Ç—Å—è –ø—Ä–∏–º–µ–Ω–µ–Ω–∏
                                                  –µ –º–µ—Ç–æ–¥–∞ MLS –∫ –∞–...

You may provide a definition with
\DeclareUnicodeCharacter 


! Package inputenc Error: Unicode character –µ (U+435)
(inputenc)                not set up for use with LaTeX.

See the inputenc package documentation for explanation.
Type  H <return>  for immediate help.
 ...                                              
                                                  
l.3 ...–æ–ø–∏—Å—ã–≤–∞–µ—Ç—Å—è –ø—Ä–∏–º–µ–Ω–µ–Ω–∏–µ
                                                   –º–µ—Ç–æ–¥–∞ MLS –∫ –∞–∫—...

You may provide a definition with
\DeclareUnicodeCharacter 


! Package inputenc Error: Unicode character –º (U+43C)
(inputenc)                not set up for use with LaTeX.

See the inputenc package documentation for explanation.
Type  H <return>  for immediate help.
 ...                                              
                                                  
l.3 ...ø–∏—Å—ã–≤–∞–µ—Ç—Å—è –ø—Ä–∏–º–µ–Ω–µ–Ω–∏–µ –º
                                                  –µ—Ç–æ–¥–∞ MLS –∫ –∞–∫—É—Å...

You may provide a definition with
\DeclareUnicodeCharacter 


! Package inputenc Error: Unicode character –µ (U+435)
(inputenc)                not set up for use with LaTeX.

See the inputenc package documentation for explanation.
Type  H <return>  for immediate help.
 ...                                              
                                                  
l.3 ...∏—Å—ã–≤–∞–µ—Ç—Å—è –ø—Ä–∏–º–µ–Ω–µ–Ω–∏–µ –º–µ
                                                  —Ç–æ–¥–∞ MLS –∫ –∞–∫—É—Å—Ç...

You may provide a definition with
\DeclareUnicodeCharacter 


! Package inputenc Error: Unicode character —Ç (U+442)
(inputenc)                not set up for use with LaTeX.

See the inputenc package documentation for explanation.
Type  H <return>  for immediate help.
 ...                                              
                                                  
l.3 ...Å—ã–≤–∞–µ—Ç—Å—è –ø—Ä–∏–º–µ–Ω–µ–Ω–∏–µ –º–µ—Ç
                                                  –æ–¥–∞ MLS –∫ –∞–∫—É—Å—Ç–∏...

You may provide a definition with
\DeclareUnicodeCharacter 


! Package inputenc Error: Unicode character –æ (U+43E)
(inputenc)                not set up for use with LaTeX.

See the inputenc package documentation for explanation.
Type  H <return>  for immediate help.
 ...                                              
                                                  
l.3 ...ã–≤–∞–µ—Ç—Å—è –ø—Ä–∏–º–µ–Ω–µ–Ω–∏–µ –º–µ—Ç–æ
                                                  –¥–∞ MLS –∫ –∞–∫—É—Å—Ç–∏—á...

You may provide a definition with
\DeclareUnicodeCharacter 


! Package inputenc Error: Unicode character –¥ (U+434)
(inputenc)                not set up for use with LaTeX.

See the inputenc package documentation for explanation.
Type  H <return>  for immediate help.
 ...                                              
                                                  
l.3 ...≤–∞–µ—Ç—Å—è –ø—Ä–∏–º–µ–Ω–µ–Ω–∏–µ –º–µ—Ç–æ–¥
                                                  –∞ MLS –∫ –∞–∫—É—Å—Ç–∏—á–µ...

You may provide a definition with
\DeclareUnicodeCharacter 


! Package inputenc Error: Unicode character –∞ (U+430)
(inputenc)                not set up for use with LaTeX.

See the inputenc package documentation for explanation.
Type  H <return>  for immediate help.
 ...                                              
                                                  
l.3 ...∞–µ—Ç—Å—è –ø—Ä–∏–º–µ–Ω–µ–Ω–∏–µ –º–µ—Ç–æ–¥–∞
                                                   MLS –∫ –∞–∫—É—Å—Ç–∏—á–µ—Å...

You may provide a definition with
\DeclareUnicodeCharacter 


! LaTeX Error: Missing \begin{document}.

See the LaTeX manual or LaTeX Companion for explanation.
Type  H <return>  for immediate help.
 ...                                              
                                                  
l.3 ...µ—Ç—Å—è –ø—Ä–∏–º–µ–Ω–µ–Ω–∏–µ –º–µ—Ç–æ–¥–∞ M
                                                  LS –∫ –∞–∫—É—Å—Ç–∏—á–µ—Å–∫...

You're in trouble here.  Try typing  <return>  to proceed.
If that doesn't work, type  X <return>  to quit.

Missing character: There is no M in font nullfont!
Missing character: There is no L in font nullfont!
Missing character: There is no S in font nullfont!

! Package inputenc Error: Unicode character –∫ (U+43A)
(inputenc)                not set up for use with LaTeX.

See the inputenc package documentation for explanation.
Type  H <return>  for immediate help.
 ...                                              
                                                  
l.3 ...—è –ø—Ä–∏–º–µ–Ω–µ–Ω–∏–µ –º–µ—Ç–æ–¥–∞ MLS –∫
                                                   –∞–∫—É—Å—Ç–∏—á–µ—Å–∫–æ–º—...

You may provide a definition with
\DeclareUnicodeCharacter 


! Package inputenc Error: Unicode character –∞ (U+430)
(inputenc)                not set up for use with LaTeX.

See the inputenc package documentation for explanation.
Type  H <return>  for immediate help.
 ...                                              
                                                  
l.3 ...–ø—Ä–∏–º–µ–Ω–µ–Ω–∏–µ –º–µ—Ç–æ–¥–∞ MLS –∫ –∞
                                                  –∫—É—Å—Ç–∏—á–µ—Å–∫–æ–º—É –...

You may provide a definition with
\DeclareUnicodeCharacter 


! Package inputenc Error: Unicode character –∫ (U+43A)
(inputenc)                not set up for use with LaTeX.

See the inputenc package documentation for explanation.
Type  H <return>  for immediate help.
 ...                                              
                                                  
l.3 ...—Ä–∏–º–µ–Ω–µ–Ω–∏–µ –º–µ—Ç–æ–¥–∞ MLS –∫ –∞–∫
                                                  —É—Å—Ç–∏—á–µ—Å–∫–æ–º—É –¥–...

You may provide a definition with
\DeclareUnicodeCharacter 


! Package inputenc Error: Unicode character —É (U+443)
(inputenc)                not set up for use with LaTeX.

See the inputenc package documentation for explanation.
Type  H <return>  for immediate help.
 ...                                              
                                                  
l.3 ...–∏–º–µ–Ω–µ–Ω–∏–µ –º–µ—Ç–æ–¥–∞ MLS –∫ –∞–∫—É
                                                  —Å—Ç–∏—á–µ—Å–∫–æ–º—É –¥–∏—...

You may provide a definition with
\DeclareUnicodeCharacter 


! Package inputenc Error: Unicode character —Å (U+441)
(inputenc)                not set up for use with LaTeX.

See the inputenc package documentation for explanation.
Type  H <return>  for immediate help.
 ...                                              
                                                  
l.3 ...–º–µ–Ω–µ–Ω–∏–µ –º–µ—Ç–æ–¥–∞ MLS –∫ –∞–∫—É—Å
                                                  —Ç–∏—á–µ—Å–∫–æ–º—É –¥–∏—Ñ—...

You may provide a definition with
\DeclareUnicodeCharacter 


! Package inputenc Error: Unicode character —Ç (U+442)
(inputenc)                not set up for use with LaTeX.

See the inputenc package documentation for explanation.
Type  H <return>  for immediate help.
 ...                                              
                                                  
l.3 ...–µ–Ω–µ–Ω–∏–µ –º–µ—Ç–æ–¥–∞ MLS –∫ –∞–∫—É—Å—Ç
                                                  –∏—á–µ—Å–∫–æ–º—É –¥–∏—Ñ—Ä–...

You may provide a definition with
\DeclareUnicodeCharacter 


! Package inputenc Error: Unicode character –∏ (U+438)
(inputenc)                not set up for use with LaTeX.

See the inputenc package documentation for explanation.
Type  H <return>  for immediate help.
 ...                                              
                                                  
l.3 ...–Ω–µ–Ω–∏–µ –º–µ—Ç–æ–¥–∞ MLS –∫ –∞–∫—É—Å—Ç–∏
                                                  —á–µ—Å–∫–æ–º—É –¥–∏—Ñ—Ä–∞–...

You may provide a definition with
\DeclareUnicodeCharacter 


! Package inputenc Error: Unicode character —á (U+447)
(inputenc)                not set up for use with LaTeX.

See the inputenc package documentation for explanation.
Type  H <return>  for immediate help.
 ...                                              
                                                  
l.3 ...–µ–Ω–∏–µ –º–µ—Ç–æ–¥–∞ MLS –∫ –∞–∫—É—Å—Ç–∏—á
                                                  –µ—Å–∫–æ–º—É –¥–∏—Ñ—Ä–∞–∫—...

You may provide a definition with
\DeclareUnicodeCharacter 


! Package inputenc Error: Unicode character –µ (U+435)
(inputenc)                not set up for use with LaTeX.

See the inputenc package documentation for explanation.
Type  H <return>  for immediate help.
 ...                                              
                                                  
l.3 ...–Ω–∏–µ –º–µ—Ç–æ–¥–∞ MLS –∫ –∞–∫—É—Å—Ç–∏—á–µ
                                                  —Å–∫–æ–º—É –¥–∏—Ñ—Ä–∞–∫—Ü–...

You may provide a definition with
\DeclareUnicodeCharacter 


! Package inputenc Error: Unicode character —Å (U+441)
(inputenc)                not set up for use with LaTeX.

See the inputenc package documentation for explanation.
Type  H <return>  for immediate help.
 ...                                              
                                                  
l.3 ...–∏–µ –º–µ—Ç–æ–¥–∞ MLS –∫ –∞–∫—É—Å—Ç–∏—á–µ—Å
                                                  –∫–æ–º—É –¥–∏—Ñ—Ä–∞–∫—Ü–∏–...

You may provide a definition with
\DeclareUnicodeCharacter 


! Package inputenc Error: Unicode character –∫ (U+43A)
(inputenc)                not set up for use with LaTeX.

See the inputenc package documentation for explanation.
Type  H <return>  for immediate help.
 ...                                              
                                                  
l.3 ...–µ –º–µ—Ç–æ–¥–∞ MLS –∫ –∞–∫—É—Å—Ç–∏—á–µ—Å–∫
                                                  –æ–º—É –¥–∏—Ñ—Ä–∞–∫—Ü–∏–æ–...

You may provide a definition with
\DeclareUnicodeCharacter 


! Package inputenc Error: Unicode character –æ (U+43E)
(inputenc)                not set up for use with LaTeX.

See the inputenc package documentation for explanation.
Type  H <return>  for immediate help.
 ...                                              
                                                  
l.3 ... –º–µ—Ç–æ–¥–∞ MLS –∫ –∞–∫—É—Å—Ç–∏—á–µ—Å–∫–æ
                                                  –º—É –¥–∏—Ñ—Ä–∞–∫—Ü–∏–æ–Ω–...

You may provide a definition with
\DeclareUnicodeCharacter 


! Package inputenc Error: Unicode character –º (U+43C)
(inputenc)                not set up for use with LaTeX.

See the inputenc package documentation for explanation.
Type  H <return>  for immediate help.
 ...                                              
                                                  
l.3 ...º–µ—Ç–æ–¥–∞ MLS –∫ –∞–∫—É—Å—Ç–∏—á–µ—Å–∫–æ–º
                                                  —É –¥–∏—Ñ—Ä–∞–∫—Ü–∏–æ–Ω–Ω–...

You may provide a definition with
\DeclareUnicodeCharacter 


! Package inputenc Error: Unicode character —É (U+443)
(inputenc)                not set up for use with LaTeX.

See the inputenc package documentation for explanation.
Type  H <return>  for immediate help.
 ...                                              
                                                  
l.3 ...µ—Ç–æ–¥–∞ MLS –∫ –∞–∫—É—Å—Ç–∏—á–µ—Å–∫–æ–º—É
                                                   –¥–∏—Ñ—Ä–∞–∫—Ü–∏–æ–Ω–Ω–æ–...

You may provide a definition with
\DeclareUnicodeCharacter 


! Package inputenc Error: Unicode character –¥ (U+434)
(inputenc)                not set up for use with LaTeX.

See the inputenc package documentation for explanation.
Type  H <return>  for immediate help.
 ...                                              
                                                  
l.3 ...–æ–¥–∞ MLS –∫ –∞–∫—É—Å—Ç–∏—á–µ—Å–∫–æ–º—É –¥
                                                  –∏—Ñ—Ä–∞–∫—Ü–∏–æ–Ω–Ω–æ–º—É...

You may provide a definition with
\DeclareUnicodeCharacter 


! Package inputenc Error: Unicode character –∏ (U+438)
(inputenc)                not set up for use with LaTeX.

See the inputenc package documentation for explanation.
Type  H <return>  for immediate help.
 ...                                              
                                                  
l.3 ...–¥–∞ MLS –∫ –∞–∫—É—Å—Ç–∏—á–µ—Å–∫–æ–º—É –¥–∏
                                                  —Ñ—Ä–∞–∫—Ü–∏–æ–Ω–Ω–æ–º—É —...

You may provide a definition with
\DeclareUnicodeCharacter 


! Package inputenc Error: Unicode character —Ñ (U+444)
(inputenc)                not set up for use with LaTeX.

See the inputenc package documentation for explanation.
Type  H <return>  for immediate help.
 ...                                              
                                                  
l.3 ...–∞ MLS –∫ –∞–∫—É—Å—Ç–∏—á–µ—Å–∫–æ–º—É –¥–∏—Ñ
                                                  —Ä–∞–∫—Ü–∏–æ–Ω–Ω–æ–º—É —ç–...

You may provide a definition with
\DeclareUnicodeCharacter 


! Package inputenc Error: Unicode character —Ä (U+440)
(inputenc)                not set up for use with LaTeX.

See the inputenc package documentation for explanation.
Type  H <return>  for immediate help.
 ...                                              
                                                  
l.3 ... MLS –∫ –∞–∫—É—Å—Ç–∏—á–µ—Å–∫–æ–º—É –¥–∏—Ñ—Ä
                                                  –∞–∫—Ü–∏–æ–Ω–Ω–æ–º—É —ç–∫—...

You may provide a definition with
\DeclareUnicodeCharacter 


! Package inputenc Error: Unicode character –∞ (U+430)
(inputenc)                not set up for use with LaTeX.

See the inputenc package documentation for explanation.
Type  H <return>  for immediate help.
 ...                                              
                                                  
l.3 ...LS –∫ –∞–∫—É—Å—Ç–∏—á–µ—Å–∫–æ–º—É –¥–∏—Ñ—Ä–∞
                                                  –∫—Ü–∏–æ–Ω–Ω–æ–º—É —ç–∫—Å–...

You may provide a definition with
\DeclareUnicodeCharacter 


! Package inputenc Error: Unicode character –∫ (U+43A)
(inputenc)                not set up for use with LaTeX.

See the inputenc package documentation for explanation.
Type  H <return>  for immediate help.
 ...                                              
                                                  
l.3 ... –∫ –∞–∫—É—Å—Ç–∏—á–µ—Å–∫–æ–º—É –¥–∏—Ñ—Ä–∞–∫
                                                  —Ü–∏–æ–Ω–Ω–æ–º—É —ç–∫—Å–ø–...

You may provide a definition with
\DeclareUnicodeCharacter 


! Package inputenc Error: Unicode character —Ü (U+446)
(inputenc)                not set up for use with LaTeX.

See the inputenc package documentation for explanation.
Type  H <return>  for immediate help.
 ...                                              
                                                  
l.3 ...∫ –∞–∫—É—Å—Ç–∏—á–µ—Å–∫–æ–º—É –¥–∏—Ñ—Ä–∞–∫—Ü
                                                  –∏–æ–Ω–Ω–æ–º—É —ç–∫—Å–ø–µ—...

You may provide a definition with
\DeclareUnicodeCharacter 


! Package inputenc Error: Unicode character –∏ (U+438)
(inputenc)                not set up for use with LaTeX.

See the inputenc package documentation for explanation.
Type  H <return>  for immediate help.
 ...                                              
                                                  
l.3 ...–∞–∫—É—Å—Ç–∏—á–µ—Å–∫–æ–º—É –¥–∏—Ñ—Ä–∞–∫—Ü–∏
                                                  –æ–Ω–Ω–æ–º—É —ç–∫—Å–ø–µ—Ä–...

You may provide a definition with
\DeclareUnicodeCharacter 


! Package inputenc Error: Unicode character –æ (U+43E)
(inputenc)                not set up for use with LaTeX.

See the inputenc package documentation for explanation.
Type  H <return>  for immediate help.
 ...                                              
                                                  
l.3 ...–∫—É—Å—Ç–∏—á–µ—Å–∫–æ–º—É –¥–∏—Ñ—Ä–∞–∫—Ü–∏–æ
                                                  –Ω–Ω–æ–º—É —ç–∫—Å–ø–µ—Ä–∏–...

You may provide a definition with
\DeclareUnicodeCharacter 


! Package inputenc Error: Unicode character –Ω (U+43D)
(inputenc)                not set up for use with LaTeX.

See the inputenc package documentation for explanation.
Type  H <return>  for immediate help.
 ...                                              
                                                  
l.3 ...—É—Å—Ç–∏—á–µ—Å–∫–æ–º—É –¥–∏—Ñ—Ä–∞–∫—Ü–∏–æ–Ω
                                                  –Ω–æ–º—É —ç–∫—Å–ø–µ—Ä–∏–º–...

You may provide a definition with
\DeclareUnicodeCharacter 


! Package inputenc Error: Unicode character –Ω (U+43D)
(inputenc)                not set up for use with LaTeX.

See the inputenc package documentation for explanation.
Type  H <return>  for immediate help.
 ...                                              
                                                  
l.3 ...—Å—Ç–∏—á–µ—Å–∫–æ–º—É –¥–∏—Ñ—Ä–∞–∫—Ü–∏–æ–Ω–Ω
                                                  –æ–º—É —ç–∫—Å–ø–µ—Ä–∏–º–µ–...

You may provide a definition with
\DeclareUnicodeCharacter 


! Package inputenc Error: Unicode character –æ (U+43E)
(inputenc)                not set up for use with LaTeX.

See the inputenc package documentation for explanation.
Type  H <return>  for immediate help.
 ...                                              
                                                  
l.3 ...—Ç–∏—á–µ—Å–∫–æ–º—É –¥–∏—Ñ—Ä–∞–∫—Ü–∏–æ–Ω–Ω–æ
                                                  –º—É —ç–∫—Å–ø–µ—Ä–∏–º–µ–Ω—...

You may provide a definition with
\DeclareUnicodeCharacter 


! Package inputenc Error: Unicode character –º (U+43C)
(inputenc)                not set up for use with LaTeX.

See the inputenc package documentation for explanation.
Type  H <return>  for immediate help.
 ...                                              
                                                  
l.3 ...–∏—á–µ—Å–∫–æ–º—É –¥–∏—Ñ—Ä–∞–∫—Ü–∏–æ–Ω–Ω–æ–º
                                                  —É —ç–∫—Å–ø–µ—Ä–∏–º–µ–Ω—Ç—...

You may provide a definition with
\DeclareUnicodeCharacter 


! Package inputenc Error: Unicode character —É (U+443)
(inputenc)                not set up for use with LaTeX.

See the inputenc package documentation for explanation.
Type  H <return>  for immediate help.
 ...                                              
                                                  
l.3 ...—á–µ—Å–∫–æ–º—É –¥–∏—Ñ—Ä–∞–∫—Ü–∏–æ–Ω–Ω–æ–º—É
                                                   —ç–∫—Å–ø–µ—Ä–∏–º–µ–Ω—Ç—É....

You may provide a definition with
\DeclareUnicodeCharacter 


! Package inputenc Error: Unicode character —ç (U+44D)
(inputenc)                not set up for use with LaTeX.

See the inputenc package documentation for explanation.
Type  H <return>  for immediate help.
 ...                                              
                                                  
l.3 ...µ—Å–∫–æ–º—É –¥–∏—Ñ—Ä–∞–∫—Ü–∏–æ–Ω–Ω–æ–º—É —ç
                                                  –∫—Å–ø–µ—Ä–∏–º–µ–Ω—Ç—É. –ü...

You may provide a definition with
\DeclareUnicodeCharacter 


! Package inputenc Error: Unicode character –∫ (U+43A)
(inputenc)                not set up for use with LaTeX.

See the inputenc package documentation for explanation.
Type  H <return>  for immediate help.
 ...                                              
                                                  
l.3 ...Å–∫–æ–º—É –¥–∏—Ñ—Ä–∞–∫—Ü–∏–æ–Ω–Ω–æ–º—É —ç–∫
                                                  —Å–ø–µ—Ä–∏–º–µ–Ω—Ç—É. –ü—Ä...

You may provide a definition with
\DeclareUnicodeCharacter 


! Package inputenc Error: Unicode character —Å (U+441)
(inputenc)                not set up for use with LaTeX.

See the inputenc package documentation for explanation.
Type  H <return>  for immediate help.
 ...                                              
                                                  
l.3 ...∫–æ–º—É –¥–∏—Ñ—Ä–∞–∫—Ü–∏–æ–Ω–Ω–æ–º—É —ç–∫—Å
                                                  –ø–µ—Ä–∏–º–µ–Ω—Ç—É. –ü—Ä–µ...

You may provide a definition with
\DeclareUnicodeCharacter 


! Package inputenc Error: Unicode character –ø (U+43F)
(inputenc)                not set up for use with LaTeX.

See the inputenc package documentation for explanation.
Type  H <return>  for immediate help.
 ...                                              
                                                  
l.3 ...æ–º—É –¥–∏—Ñ—Ä–∞–∫—Ü–∏–æ–Ω–Ω–æ–º—É —ç–∫—Å–ø
                                                  –µ—Ä–∏–º–µ–Ω—Ç—É. –ü—Ä–µ–¥...

You may provide a definition with
\DeclareUnicodeCharacter 


! Package inputenc Error: Unicode character –µ (U+435)
(inputenc)                not set up for use with LaTeX.

See the inputenc package documentation for explanation.
Type  H <return>  for immediate help.
 ...                                              
                                                  
l.3 ...º—É –¥–∏—Ñ—Ä–∞–∫—Ü–∏–æ–Ω–Ω–æ–º—É —ç–∫—Å–ø–µ
                                                  —Ä–∏–º–µ–Ω—Ç—É. –ü—Ä–µ–¥–ª...

You may provide a definition with
\DeclareUnicodeCharacter 


! Package inputenc Error: Unicode character —Ä (U+440)
(inputenc)                not set up for use with LaTeX.

See the inputenc package documentation for explanation.
Type  H <return>  for immediate help.
 ...                                              
                                                  
l.3 ...É –¥–∏—Ñ—Ä–∞–∫—Ü–∏–æ–Ω–Ω–æ–º—É —ç–∫—Å–ø–µ—Ä
                                                  –∏–º–µ–Ω—Ç—É. –ü—Ä–µ–¥–ª–∞...

You may provide a definition with
\DeclareUnicodeCharacter 


! Package inputenc Error: Unicode character –∏ (U+438)
(inputenc)                not set up for use with LaTeX.

See the inputenc package documentation for explanation.
Type  H <return>  for immediate help.
 ...                                              
                                                  
l.3 ...–¥–∏—Ñ—Ä–∞–∫—Ü–∏–æ–Ω–Ω–æ–º—É —ç–∫—Å–ø–µ—Ä–∏
                                                  –º–µ–Ω—Ç—É. –ü—Ä–µ–¥–ª–∞–≥...

You may provide a definition with
\DeclareUnicodeCharacter 


! Package inputenc Error: Unicode character –º (U+43C)
(inputenc)                not set up for use with LaTeX.

See the inputenc package documentation for explanation.
Type  H <return>  for immediate help.
 ...                                              
                                                  
l.3 ...–∏—Ñ—Ä–∞–∫—Ü–∏–æ–Ω–Ω–æ–º—É —ç–∫—Å–ø–µ—Ä–∏–º
                                                  –µ–Ω—Ç—É. –ü—Ä–µ–¥–ª–∞–≥–∞...

You may provide a definition with
\DeclareUnicodeCharacter 


! Package inputenc Error: Unicode character –µ (U+435)
(inputenc)                not set up for use with LaTeX.

See the inputenc package documentation for explanation.
Type  H <return>  for immediate help.
 ...                                              
                                                  
l.3 ...—Ñ—Ä–∞–∫—Ü–∏–æ–Ω–Ω–æ–º—É —ç–∫—Å–ø–µ—Ä–∏–º–µ
                                                  –Ω—Ç—É. –ü—Ä–µ–¥–ª–∞–≥–∞–µ...

You may provide a definition with
\DeclareUnicodeCharacter 


! Package inputenc Error: Unicode character –Ω (U+43D)
(inputenc)                not set up for use with LaTeX.

See the inputenc package documentation for explanation.
Type  H <return>  for immediate help.
 ...                                              
                                                  
l.3 ...—Ä–∞–∫—Ü–∏–æ–Ω–Ω–æ–º—É —ç–∫—Å–ø–µ—Ä–∏–º–µ–Ω
                                                  —Ç—É. –ü—Ä–µ–¥–ª–∞–≥–∞–µ—Ç...

You may provide a definition with
\DeclareUnicodeCharacter 


! Package inputenc Error: Unicode character —Ç (U+442)
(inputenc)                not set up for use with LaTeX.

See the inputenc package documentation for explanation.
Type  H <return>  for immediate help.
 ...                                              
                                                  
l.3 ...–∞–∫—Ü–∏–æ–Ω–Ω–æ–º—É —ç–∫—Å–ø–µ—Ä–∏–º–µ–Ω—Ç
                                                  —É. –ü—Ä–µ–¥–ª–∞–≥–∞–µ—Ç—Å...

You may provide a definition with
\DeclareUnicodeCharacter 


! Package inputenc Error: Unicode character —É (U+443)
(inputenc)                not set up for use with LaTeX.

See the inputenc package documentation for explanation.
Type  H <return>  for immediate help.
 ...                                              
                                                  
l.3 ...–∫—Ü–∏–æ–Ω–Ω–æ–º—É —ç–∫—Å–ø–µ—Ä–∏–º–µ–Ω—Ç—É
                                                  . –ü—Ä–µ–¥–ª–∞–≥–∞–µ—Ç—Å—è...

You may provide a definition with
\DeclareUnicodeCharacter 

Missing character: There is no . in font nullfont!

! Package inputenc Error: Unicode character –ü (U+41F)
(inputenc)                not set up for use with LaTeX.

See the inputenc package documentation for explanation.
Type  H <return>  for immediate help.
 ...                                              
                                                  
l.3 ...–∏–æ–Ω–Ω–æ–º—É —ç–∫—Å–ø–µ—Ä–∏–º–µ–Ω—Ç—É. –ü
                                                  —Ä–µ–¥–ª–∞–≥–∞–µ—Ç—Å—è –º–...

You may provide a definition with
\DeclareUnicodeCharacter 


! Package inputenc Error: Unicode character —Ä (U+440)
(inputenc)                not set up for use with LaTeX.

See the inputenc package documentation for explanation.
Type  H <return>  for immediate help.
 ...                                              
                                                  
l.3 ...–æ–Ω–Ω–æ–º—É —ç–∫—Å–ø–µ—Ä–∏–º–µ–Ω—Ç—É. –ü—Ä
                                                  –µ–¥–ª–∞–≥–∞–µ—Ç—Å—è –º–µ—...

You may provide a definition with
\DeclareUnicodeCharacter 


! Package inputenc Error: Unicode character –µ (U+435)
(inputenc)                not set up for use with LaTeX.

See the inputenc package documentation for explanation.
Type  H <return>  for immediate help.
 ...                                              
                                                  
l.3 ...–Ω–Ω–æ–º—É —ç–∫—Å–ø–µ—Ä–∏–º–µ–Ω—Ç—É. –ü—Ä–µ
                                                  –¥–ª–∞–≥–∞–µ—Ç—Å—è –º–µ—Ç–...

You may provide a definition with
\DeclareUnicodeCharacter 


! Package inputenc Error: Unicode character –¥ (U+434)
(inputenc)                not set up for use with LaTeX.

See the inputenc package documentation for explanation.
Type  H <return>  for immediate help.
 ...                                              
                                                  
l.3 ...–Ω–æ–º—É —ç–∫—Å–ø–µ—Ä–∏–º–µ–Ω—Ç—É. –ü—Ä–µ–¥
                                                  –ª–∞–≥–∞–µ—Ç—Å—è –º–µ—Ç–æ–...

You may provide a definition with
\DeclareUnicodeCharacter 


! Package inputenc Error: Unicode character –ª (U+43B)
(inputenc)                not set up for use with LaTeX.

See the inputenc package documentation for explanation.
Type  H <return>  for immediate help.
 ...                                              
                                                  
l.3 ...–æ–º—É —ç–∫—Å–ø–µ—Ä–∏–º–µ–Ω—Ç—É. –ü—Ä–µ–¥–ª
                                                  –∞–≥–∞–µ—Ç—Å—è –º–µ—Ç–æ–¥ ...

You may provide a definition with
\DeclareUnicodeCharacter 


! Package inputenc Error: Unicode character –∞ (U+430)
(inputenc)                not set up for use with LaTeX.

See the inputenc package documentation for explanation.
Type  H <return>  for immediate help.
 ...                                              
                                                  
l.3 ...–º—É —ç–∫—Å–ø–µ—Ä–∏–º–µ–Ω—Ç—É. –ü—Ä–µ–¥–ª–∞
                                                  –≥–∞–µ—Ç—Å—è –º–µ—Ç–æ–¥ –≤...

You may provide a definition with
\DeclareUnicodeCharacter 


! Package inputenc Error: Unicode character –≥ (U+433)
(inputenc)                not set up for use with LaTeX.

See the inputenc package documentation for explanation.
Type  H <return>  for immediate help.
 ...                                              
                                                  
l.3 ...—É —ç–∫—Å–ø–µ—Ä–∏–º–µ–Ω—Ç—É. –ü—Ä–µ–¥–ª–∞–≥
                                                  –∞–µ—Ç—Å—è –º–µ—Ç–æ–¥ –≤—ã...

You may provide a definition with
\DeclareUnicodeCharacter 


! Package inputenc Error: Unicode character –∞ (U+430)
(inputenc)                not set up for use with LaTeX.

See the inputenc package documentation for explanation.
Type  H <return>  for immediate help.
 ...                                              
                                                  
l.3 ... —ç–∫—Å–ø–µ—Ä–∏–º–µ–Ω—Ç—É. –ü—Ä–µ–¥–ª–∞–≥–∞
                                                  –µ—Ç—Å—è –º–µ—Ç–æ–¥ –≤—ã—á...

You may provide a definition with
\DeclareUnicodeCharacter 


! Package inputenc Error: Unicode character –µ (U+435)
(inputenc)                not set up for use with LaTeX.

See the inputenc package documentation for explanation.
Type  H <return>  for immediate help.
 ...                                              
                                                  
l.3 ...ç–∫—Å–ø–µ—Ä–∏–º–µ–Ω—Ç—É. –ü—Ä–µ–¥–ª–∞–≥–∞–µ
                                                  —Ç—Å—è –º–µ—Ç–æ–¥ –≤—ã—á–∏...

You may provide a definition with
\DeclareUnicodeCharacter 


! Package inputenc Error: Unicode character —Ç (U+442)
(inputenc)                not set up for use with LaTeX.

See the inputenc package documentation for explanation.
Type  H <return>  for immediate help.
 ...                                              
                                                  
l.3 ...∫—Å–ø–µ—Ä–∏–º–µ–Ω—Ç—É. –ü—Ä–µ–¥–ª–∞–≥–∞–µ—Ç
                                                  —Å—è –º–µ—Ç–æ–¥ –≤—ã—á–∏—Å...

You may provide a definition with
\DeclareUnicodeCharacter 


! Package inputenc Error: Unicode character —Å (U+441)
(inputenc)                not set up for use with LaTeX.

See the inputenc package documentation for explanation.
Type  H <return>  for immediate help.
 ...                                              
                                                  
l.3 ...Å–ø–µ—Ä–∏–º–µ–Ω—Ç—É. –ü—Ä–µ–¥–ª–∞–≥–∞–µ—Ç—Å
                                                  —è –º–µ—Ç–æ–¥ –≤—ã—á–∏—Å–ª...

You may provide a definition with
\DeclareUnicodeCharacter 


! Package inputenc Error: Unicode character —è (U+44F)
(inputenc)                not set up for use with LaTeX.

See the inputenc package documentation for explanation.
Type  H <return>  for immediate help.
 ...                                              
                                                  
l.3 ...ø–µ—Ä–∏–º–µ–Ω—Ç—É. –ü—Ä–µ–¥–ª–∞–≥–∞–µ—Ç—Å—è
                                                   –º–µ—Ç–æ–¥ –≤—ã—á–∏—Å–ª–µ...

You may provide a definition with
\DeclareUnicodeCharacter 


! Package inputenc Error: Unicode character –º (U+43C)
(inputenc)                not set up for use with LaTeX.

See the inputenc package documentation for explanation.
Type  H <return>  for immediate help.
 ...                                              
                                                  
l.3 ...—Ä–∏–º–µ–Ω—Ç—É. –ü—Ä–µ–¥–ª–∞–≥–∞–µ—Ç—Å—è –º
                                                  –µ—Ç–æ–¥ –≤—ã—á–∏—Å–ª–µ–Ω–...

You may provide a definition with
\DeclareUnicodeCharacter 


! Package inputenc Error: Unicode character –µ (U+435)
(inputenc)                not set up for use with LaTeX.

See the inputenc package documentation for explanation.
Type  H <return>  for immediate help.
 ...                                              
                                                  
l.3 ...–∏–º–µ–Ω—Ç—É. –ü—Ä–µ–¥–ª–∞–≥–∞–µ—Ç—Å—è –º–µ
                                                  —Ç–æ–¥ –≤—ã—á–∏—Å–ª–µ–Ω–∏—...

You may provide a definition with
\DeclareUnicodeCharacter 


! Package inputenc Error: Unicode character —Ç (U+442)
(inputenc)                not set up for use with LaTeX.

See the inputenc package documentation for explanation.
Type  H <return>  for immediate help.
 ...                                              
                                                  
l.3 ...–º–µ–Ω—Ç—É. –ü—Ä–µ–¥–ª–∞–≥–∞–µ—Ç—Å—è –º–µ—Ç
                                                  –æ–¥ –≤—ã—á–∏—Å–ª–µ–Ω–∏—è ...

You may provide a definition with
\DeclareUnicodeCharacter 


! Package inputenc Error: Unicode character –æ (U+43E)
(inputenc)                not set up for use with LaTeX.

See the inputenc package documentation for explanation.
Type  H <return>  for immediate help.
 ...                                              
                                                  
l.3 ...–µ–Ω—Ç—É. –ü—Ä–µ–¥–ª–∞–≥–∞–µ—Ç—Å—è –º–µ—Ç–æ
                                                  –¥ –≤—ã—á–∏—Å–ª–µ–Ω–∏—è —á...

You may provide a definition with
\DeclareUnicodeCharacter 


! Package inputenc Error: Unicode character –¥ (U+434)
(inputenc)                not set up for use with LaTeX.

See the inputenc package documentation for explanation.
Type  H <return>  for immediate help.
 ...                                              
                                                  
l.3 ...–Ω—Ç—É. –ü—Ä–µ–¥–ª–∞–≥–∞–µ—Ç—Å—è –º–µ—Ç–æ–¥
                                                   –≤—ã—á–∏—Å–ª–µ–Ω–∏—è —á–∞...

You may provide a definition with
\DeclareUnicodeCharacter 


! Package inputenc Error: Unicode character –≤ (U+432)
(inputenc)                not set up for use with LaTeX.

See the inputenc package documentation for explanation.
Type  H <return>  for immediate help.
 ...                                              
                                                  
l.3 ...Ç—É. –ü—Ä–µ–¥–ª–∞–≥–∞–µ—Ç—Å—è –º–µ—Ç–æ–¥ –≤
                                                  —ã—á–∏—Å–ª–µ–Ω–∏—è —á–∞—Å—...

You may provide a definition with
\DeclareUnicodeCharacter 


! Package inputenc Error: Unicode character —ã (U+44B)
(inputenc)                not set up for use with LaTeX.

See the inputenc package documentation for explanation.
Type  H <return>  for immediate help.
 ...                                              
                                                  
l.3 ...É. –ü—Ä–µ–¥–ª–∞–≥–∞–µ—Ç—Å—è –º–µ—Ç–æ–¥ –≤—ã
                                                  —á–∏—Å–ª–µ–Ω–∏—è —á–∞—Å—Ç–...

You may provide a definition with
\DeclareUnicodeCharacter 


! Package inputenc Error: Unicode character —á (U+447)
(inputenc)                not set up for use with LaTeX.

See the inputenc package documentation for explanation.
Type  H <return>  for immediate help.
 ...                                              
                                                  
l.3 ... –ü—Ä–µ–¥–ª–∞–≥–∞–µ—Ç—Å—è –º–µ—Ç–æ–¥ –≤—ã—á
                                                  –∏—Å–ª–µ–Ω–∏—è —á–∞—Å—Ç–∏ ...
(That makes 100 errors; please try again.) 
Here is how much of TeX's memory you used:
 38 strings out of 492970
 612 string characters out of 3125262
 56693 words of memory out of 3000000
 4010 multiletter control sequences out of 15000+200000
 3640 words of font info for 14 fonts, out of 3000000 for 9000
 1141 hyphenation exceptions out of 8191
 10i,0n,10p,961b,42s stack positions out of 5000i,500n,10000p,200000b,50000s

!  ==> Fatal error occurred, no output PDF file produced!
