This is pdfTeX, Version 3.14159265-2.6-1.40.18 (TeX Live 2017) (preloaded format=pdflatex 2018.3.14)  13 JUL 2018 17:54
entering extended mode
 restricted \write18 enabled.
 %&-line parsing enabled.
**Belous_cone_DD2018_02.tex
(./Belous_cone_DD2018_02.tex
LaTeX2e <2017-04-15>
Babel <3.10> and hyphenation patterns for 84 language(s) loaded.
(./procDDs.cls
Document Class: procDDs 2016/03/11 Days on Diffraction Proceedings Class
(/usr/local/texlive/2017/texmf-dist/tex/latex/base/article.cls
Document Class: article 2014/09/29 v1.4h Standard LaTeX document class
(/usr/local/texlive/2017/texmf-dist/tex/latex/base/size10.clo
File: size10.clo 2014/09/29 v1.4h Standard LaTeX file (size option)
)
\c@part=\count79
\c@section=\count80
\c@subsection=\count81
\c@subsubsection=\count82
\c@paragraph=\count83
\c@subparagraph=\count84
\c@figure=\count85
\c@table=\count86
\abovecaptionskip=\skip41
\belowcaptionskip=\skip42
\bibindent=\dimen102
)
(/usr/local/texlive/2017/texmf-dist/tex/latex/tools/multicol.sty
Package: multicol 2017/04/11 v1.8q multicolumn formatting (FMi)
\c@tracingmulticols=\count87
\mult@box=\box26
\multicol@leftmargin=\dimen103
\c@unbalance=\count88
\c@collectmore=\count89
\doublecol@number=\count90
\multicoltolerance=\count91
\multicolpretolerance=\count92
\full@width=\dimen104
\page@free=\dimen105
\premulticols=\dimen106
\postmulticols=\dimen107
\multicolsep=\skip43
\multicolbaselineskip=\skip44
\partial@page=\box27
\last@line=\box28
\maxbalancingoverflow=\dimen108
\mult@rightbox=\box29
\mult@grightbox=\box30
\mult@gfirstbox=\box31
\mult@firstbox=\box32
\@tempa=\box33
\@tempa=\box34
\@tempa=\box35
\@tempa=\box36
\@tempa=\box37
\@tempa=\box38
\@tempa=\box39
\@tempa=\box40
\@tempa=\box41
\@tempa=\box42
\@tempa=\box43
\@tempa=\box44
\@tempa=\box45
\@tempa=\box46
\@tempa=\box47
\@tempa=\box48
\@tempa=\box49
\c@columnbadness=\count93
\c@finalcolumnbadness=\count94
\last@try=\dimen109
\multicolovershoot=\dimen110
\multicolundershoot=\dimen111
\mult@nat@firstbox=\box50
\colbreak@box=\box51
\mc@col@check@num=\count95
)
(/usr/local/texlive/2017/texmf-dist/tex/latex/amsfonts/amssymb.sty
Package: amssymb 2013/01/14 v3.01 AMS font symbols

(/usr/local/texlive/2017/texmf-dist/tex/latex/amsfonts/amsfonts.sty
Package: amsfonts 2013/01/14 v3.01 Basic AMSFonts support
\@emptytoks=\toks14
\symAMSa=\mathgroup4
\symAMSb=\mathgroup5
LaTeX Font Info:    Overwriting math alphabet `\mathfrak' in version `bold'
(Font)                  U/euf/m/n --> U/euf/b/n on input line 106.
))
(/usr/local/texlive/2017/texmf-dist/tex/latex/base/latexsym.sty
Package: latexsym 1998/08/17 v2.2e Standard LaTeX package (lasy symbols)
\symlasy=\mathgroup6
LaTeX Font Info:    Overwriting symbol font `lasy' in version `bold'
(Font)                  U/lasy/m/n --> U/lasy/b/n on input line 52.
)
(/usr/local/texlive/2017/texmf-dist/tex/latex/amsmath/amsmath.sty
Package: amsmath 2016/11/05 v2.16a AMS math features
\@mathmargin=\skip45

For additional information on amsmath, use the `?' option.
(/usr/local/texlive/2017/texmf-dist/tex/latex/amsmath/amstext.sty
Package: amstext 2000/06/29 v2.01 AMS text

(/usr/local/texlive/2017/texmf-dist/tex/latex/amsmath/amsgen.sty
File: amsgen.sty 1999/11/30 v2.0 generic functions
\@emptytoks=\toks15
\ex@=\dimen112
))
(/usr/local/texlive/2017/texmf-dist/tex/latex/amsmath/amsbsy.sty
Package: amsbsy 1999/11/29 v1.2d Bold Symbols
\pmbraise@=\dimen113
)
(/usr/local/texlive/2017/texmf-dist/tex/latex/amsmath/amsopn.sty
Package: amsopn 2016/03/08 v2.02 operator names
)
\inf@bad=\count96
LaTeX Info: Redefining \frac on input line 213.
\uproot@=\count97
\leftroot@=\count98
LaTeX Info: Redefining \overline on input line 375.
\classnum@=\count99
\DOTSCASE@=\count100
LaTeX Info: Redefining \ldots on input line 472.
LaTeX Info: Redefining \dots on input line 475.
LaTeX Info: Redefining \cdots on input line 596.
\Mathstrutbox@=\box52
\strutbox@=\box53
\big@size=\dimen114
LaTeX Font Info:    Redeclaring font encoding OML on input line 712.
LaTeX Font Info:    Redeclaring font encoding OMS on input line 713.
\macc@depth=\count101
\c@MaxMatrixCols=\count102
\dotsspace@=\muskip10
\c@parentequation=\count103
\dspbrk@lvl=\count104
\tag@help=\toks16
\row@=\count105
\column@=\count106
\maxfields@=\count107
\andhelp@=\toks17
\eqnshift@=\dimen115
\alignsep@=\dimen116
\tagshift@=\dimen117
\tagwidth@=\dimen118
\totwidth@=\dimen119
\lineht@=\dimen120
\@envbody=\toks18
\multlinegap=\skip46
\multlinetaggap=\skip47
\mathdisplay@stack=\toks19
LaTeX Info: Redefining \[ on input line 2817.
LaTeX Info: Redefining \] on input line 2818.
)
(/usr/local/texlive/2017/texmf-dist/tex/latex/base/makeidx.sty
Package: makeidx 2014/09/29 v1.0m Standard LaTeX package
)
(/usr/local/texlive/2017/texmf-dist/tex/latex/graphics/graphicx.sty
Package: graphicx 2014/10/28 v1.0g Enhanced LaTeX Graphics (DPC,SPQR)

(/usr/local/texlive/2017/texmf-dist/tex/latex/graphics/keyval.sty
Package: keyval 2014/10/28 v1.15 key=value parser (DPC)
\KV@toks@=\toks20
)
(/usr/local/texlive/2017/texmf-dist/tex/latex/graphics/graphics.sty
Package: graphics 2017/04/14 v1.1b Standard LaTeX Graphics (DPC,SPQR)

(/usr/local/texlive/2017/texmf-dist/tex/latex/graphics/trig.sty
Package: trig 2016/01/03 v1.10 sin cos tan (DPC)
)
(/usr/local/texlive/2017/texmf-dist/tex/latex/graphics-cfg/graphics.cfg
File: graphics.cfg 2016/06/04 v1.11 sample graphics configuration
)
Package graphics Info: Driver file: pdftex.def on input line 99.

(/usr/local/texlive/2017/texmf-dist/tex/latex/graphics-def/pdftex.def
File: pdftex.def 2017/01/12 v0.06k Graphics/color for pdfTeX

(/usr/local/texlive/2017/texmf-dist/tex/generic/oberdiek/infwarerr.sty
Package: infwarerr 2016/05/16 v1.4 Providing info/warning/error messages (HO)
)
(/usr/local/texlive/2017/texmf-dist/tex/generic/oberdiek/ltxcmds.sty
Package: ltxcmds 2016/05/16 v1.23 LaTeX kernel commands for general use (HO)
)
\Gread@gobject=\count108
))
\Gin@req@height=\dimen121
\Gin@req@width=\dimen122
)
\@indexfile=\write3
\openout3 = `Belous_cone_DD2018_02.idx'.


Writing index file Belous_cone_DD2018_02.idx
\TMPauthor=\skip48
\TOCspace=\skip49
\c@INDEXcolumns=\count109
) (/usr/local/texlive/2017/texmf-dist/tex/latex/oberdiek/epstopdf.sty
Package: epstopdf 2016/05/15 v2.6 Conversion with epstopdf on the fly (HO)

(/usr/local/texlive/2017/texmf-dist/tex/latex/oberdiek/epstopdf-base.sty
Package: epstopdf-base 2016/05/15 v2.6 Base part for package epstopdf

(/usr/local/texlive/2017/texmf-dist/tex/latex/oberdiek/grfext.sty
Package: grfext 2016/05/16 v1.2 Manage graphics extensions (HO)

(/usr/local/texlive/2017/texmf-dist/tex/generic/oberdiek/kvdefinekeys.sty
Package: kvdefinekeys 2016/05/16 v1.4 Define keys (HO)
))
(/usr/local/texlive/2017/texmf-dist/tex/latex/oberdiek/kvoptions.sty
Package: kvoptions 2016/05/16 v3.12 Key value format for package options (HO)

(/usr/local/texlive/2017/texmf-dist/tex/generic/oberdiek/kvsetkeys.sty
Package: kvsetkeys 2016/05/16 v1.17 Key value parser (HO)

(/usr/local/texlive/2017/texmf-dist/tex/generic/oberdiek/etexcmds.sty
Package: etexcmds 2016/05/16 v1.6 Avoid name clashes with e-TeX commands (HO)

(/usr/local/texlive/2017/texmf-dist/tex/generic/oberdiek/ifluatex.sty
Package: ifluatex 2016/05/16 v1.4 Provides the ifluatex switch (HO)
Package ifluatex Info: LuaTeX not detected.
)
Package etexcmds Info: Could not find \expanded.
(etexcmds)             That can mean that you are not using pdfTeX 1.50 or
(etexcmds)             that some package has redefined \expanded.
(etexcmds)             In the latter case, load this package earlier.
)))
(/usr/local/texlive/2017/texmf-dist/tex/generic/oberdiek/pdftexcmds.sty
Package: pdftexcmds 2017/03/19 v0.25 Utility functions of pdfTeX for LuaTeX (HO
)

(/usr/local/texlive/2017/texmf-dist/tex/generic/oberdiek/ifpdf.sty
Package: ifpdf 2017/03/15 v3.2 Provides the ifpdf switch
)
Package pdftexcmds Info: LuaTeX not detected.
Package pdftexcmds Info: \pdf@primitive is available.
Package pdftexcmds Info: \pdf@ifprimitive is available.
Package pdftexcmds Info: \pdfdraftmode found.
)
Package epstopdf-base Info: Redefining graphics rule for `.eps' on input line 4
38.
Package grfext Info: Graphics extension search list:
(grfext)             [.png,.pdf,.jpg,.mps,.jpeg,.jbig2,.jb2,.PNG,.PDF,.JPG,.JPE
G,.JBIG2,.JB2,.eps]
(grfext)             \AppendGraphicsExtensions on input line 456.

(/usr/local/texlive/2017/texmf-dist/tex/latex/latexconfig/epstopdf-sys.cfg
File: epstopdf-sys.cfg 2010/07/13 v1.3 Configuration of (r)epstopdf for TeX Liv
e
)))
(./Belous_cone_DD2018_02.aux)
\openout1 = `Belous_cone_DD2018_02.aux'.

LaTeX Font Info:    Checking defaults for OML/cmm/m/it on input line 22.
LaTeX Font Info:    ... okay on input line 22.
LaTeX Font Info:    Checking defaults for T1/cmr/m/n on input line 22.
LaTeX Font Info:    ... okay on input line 22.
LaTeX Font Info:    Checking defaults for OT1/cmr/m/n on input line 22.
LaTeX Font Info:    ... okay on input line 22.
LaTeX Font Info:    Checking defaults for OMS/cmsy/m/n on input line 22.
LaTeX Font Info:    ... okay on input line 22.
LaTeX Font Info:    Checking defaults for OMX/cmex/m/n on input line 22.
LaTeX Font Info:    ... okay on input line 22.
LaTeX Font Info:    Checking defaults for U/cmr/m/n on input line 22.
LaTeX Font Info:    ... okay on input line 22.

(/usr/local/texlive/2017/texmf-dist/tex/context/base/mkii/supp-pdf.mkii
[Loading MPS to PDF converter (version 2006.09.02).]
\scratchcounter=\count110
\scratchdimen=\dimen123
\scratchbox=\box54
\nofMPsegments=\count111
\nofMParguments=\count112
\everyMPshowfont=\toks21
\MPscratchCnt=\count113
\MPscratchDim=\dimen124
\MPnumerator=\count114
\makeMPintoPDFobject=\count115
\everyMPtoPDFconversion=\toks22
)
LaTeX Font Info:    Try loading font information for U+msa on input line 24.
 (/usr/local/texlive/2017/texmf-dist/tex/latex/amsfonts/umsa.fd
File: umsa.fd 2013/01/14 v3.01 AMS symbols A
)
LaTeX Font Info:    Try loading font information for U+msb on input line 24.

(/usr/local/texlive/2017/texmf-dist/tex/latex/amsfonts/umsb.fd
File: umsb.fd 2013/01/14 v3.01 AMS symbols B
)
LaTeX Font Info:    Try loading font information for U+lasy on input line 24.

(/usr/local/texlive/2017/texmf-dist/tex/latex/base/ulasy.fd
File: ulasy.fd 1998/08/17 v2.2e LaTeX symbol font definitions
)
<cone.jpeg, id=1, 4424.53pt x 760.8425pt>
File: cone.jpeg Graphic file (type jpg)
 <use cone.jpeg>
Package pdftex.def Info: cone.jpeg used on input line 47.
(pdftex.def)             Requested size: 226.48393pt x 38.93828pt.

Overfull \hbox (5.0pt too wide) in paragraph at lines 47--48
 [][] 
 []

Package epstopdf Info: Source file: <experiment.eps>
(epstopdf)                    date: 2018-06-21 16:56:13
(epstopdf)                    size: 68303 bytes
(epstopdf)             Output file: <experiment-eps-converted-to.pdf>
(epstopdf)                    date: 2018-06-21 16:56:41
(epstopdf)                    size: 16466 bytes
(epstopdf)             Command: <repstopdf --outfile=experiment-eps-converted-t
o.pdf experiment.eps>
(epstopdf)             \includegraphics on input line 55.
Package epstopdf Info: Output file is already uptodate.
<experiment-eps-converted-to.pdf, id=2, 994.71625pt x 539.01375pt>
File: experiment-eps-converted-to.pdf Graphic file (type pdf)

<use experiment-eps-converted-to.pdf>
Package pdftex.def Info: experiment-eps-converted-to.pdf used on input line 55.

(pdftex.def)             Requested size: 226.48393pt x 122.7204pt.

Overfull \hbox (5.0pt too wide) in paragraph at lines 55--56
 [][] 
 []


Underfull \vbox (badness 10000) has occurred while \output is active []

 [1{/usr/local/texlive/2017/texmf-var/fonts/map/pdftex/updmap/pdftex.map}


 <./cone.jpeg> <./experiment-eps-converted-to.pdf>]
Package epstopdf Info: Source file: <cone_pic.eps>
(epstopdf)                    date: 2018-07-02 19:29:18
(epstopdf)                    size: 60748 bytes
(epstopdf)             Output file: <cone_pic-eps-converted-to.pdf>
(epstopdf)                    date: 2018-07-02 19:33:12
(epstopdf)                    size: 14722 bytes
(epstopdf)             Command: <repstopdf --outfile=cone_pic-eps-converted-to.
pdf cone_pic.eps>
(epstopdf)             \includegraphics on input line 105.
Package epstopdf Info: Output file is already uptodate.

<cone_pic-eps-converted-to.pdf, id=24, 527.9725pt x 245.91875pt>
File: cone_pic-eps-converted-to.pdf Graphic file (type pdf)

<use cone_pic-eps-converted-to.pdf>
Package pdftex.def Info: cone_pic-eps-converted-to.pdf used on input line 105.
(pdftex.def)             Requested size: 217.42264pt x 101.27011pt.
 [2 <./cone_pic-eps-converted-to.pdf>]
Overfull \hbox (4.27672pt too wide) detected at line 150
 []$[]  \OML/cmm/m/it/10 P\OT1/cmr/m/n/10 (\OML/cmm/m/it/10 x[]; '[]\OT1/cmr/m/
n/10 ) = [][] [][] \OML/cmm/m/it/10 K\OT1/cmr/m/n/10 (\OML/cmm/m/it/10 x[]; '[]
; x; '\OT1/cmr/m/n/10 )\OML/cmm/m/it/10 P\OT1/cmr/m/n/10 (\OML/cmm/m/it/10 x; '
\OT1/cmr/m/n/10 )\OML/cmm/m/it/10 dxd'$ 
 []


Overfull \hbox (1.71426pt too wide) detected at line 155
 []$[]\OML/cmm/m/it/10 ^^P \OT1/cmr/m/n/10 = [][]\OML/cmm/m/it/10 ;$ []  
 []


Overfull \hbox (3.04556pt too wide) detected at line 170
\OML/cmm/m/it/10 N[]\OT1/cmr/m/n/10 (\OML/cmm/m/it/10 x\OT1/cmr/m/n/10 ) = []
 []

[3]
Package epstopdf Info: Source file: <Fresnel.eps>
(epstopdf)                    date: 2018-06-20 11:11:03
(epstopdf)                    size: 18932 bytes
(epstopdf)             Output file: <Fresnel-eps-converted-to.pdf>
(epstopdf)                    date: 2018-06-20 11:11:09
(epstopdf)                    size: 7432 bytes
(epstopdf)             Command: <repstopdf --outfile=Fresnel-eps-converted-to.p
df Fresnel.eps>
(epstopdf)             \includegraphics on input line 230.
Package epstopdf Info: Output file is already uptodate.
 <Fresnel-eps-converted-to.pdf, id=43, 125.46875pt x 55.20625pt>
File: Fresnel-eps-converted-to.pdf Graphic file (type pdf)

<use Fresnel-eps-converted-to.pdf>
Package pdftex.def Info: Fresnel-eps-converted-to.pdf used on input line 230.
(pdftex.def)             Requested size: 226.48393pt x 99.66429pt.

Overfull \hbox (5.0pt too wide) in paragraph at lines 230--231
 [][] 
 []

Package epstopdf Info: Source file: <y01.eps>
(epstopdf)                    date: 2018-06-21 16:50:05
(epstopdf)                    size: 257478 bytes
(epstopdf)             Output file: <y01-eps-converted-to.pdf>
(epstopdf)                    date: 2018-06-21 16:50:24
(epstopdf)                    size: 18389 bytes
(epstopdf)             Command: <repstopdf --outfile=y01-eps-converted-to.pdf y
01.eps>
(epstopdf)             \includegraphics on input line 239.
Package epstopdf Info: Output file is already uptodate.
<y01-eps-converted-to.pdf, id=44, 922.44624pt x 526.96875pt>
File: y01-eps-converted-to.pdf Graphic file (type pdf)

<use y01-eps-converted-to.pdf>
Package pdftex.def Info: y01-eps-converted-to.pdf used on input line 239.
(pdftex.def)             Requested size: 226.48393pt x 129.37784pt.

Overfull \hbox (5.0pt too wide) in paragraph at lines 239--240
 [][] 
 []

Package epstopdf Info: Source file: <y03.eps>
(epstopdf)                    date: 2018-06-21 16:48:43
(epstopdf)                    size: 258362 bytes
(epstopdf)             Output file: <y03-eps-converted-to.pdf>
(epstopdf)                    date: 2018-06-21 16:50:24
(epstopdf)                    size: 18812 bytes
(epstopdf)             Command: <repstopdf --outfile=y03-eps-converted-to.pdf y
03.eps>
(epstopdf)             \includegraphics on input line 244.
Package epstopdf Info: Output file is already uptodate.
<y03-eps-converted-to.pdf, id=45, 922.44624pt x 526.96875pt>
File: y03-eps-converted-to.pdf Graphic file (type pdf)

<use y03-eps-converted-to.pdf>
Package pdftex.def Info: y03-eps-converted-to.pdf used on input line 244.
(pdftex.def)             Requested size: 226.48393pt x 129.37784pt.

Overfull \hbox (5.0pt too wide) in paragraph at lines 244--245
 [][] 
 []

Package epstopdf Info: Source file: <y05.eps>
(epstopdf)                    date: 2018-06-21 16:49:10
(epstopdf)                    size: 258485 bytes
(epstopdf)             Output file: <y05-eps-converted-to.pdf>
(epstopdf)                    date: 2018-06-21 16:50:25
(epstopdf)                    size: 18746 bytes
(epstopdf)             Command: <repstopdf --outfile=y05-eps-converted-to.pdf y
05.eps>
(epstopdf)             \includegraphics on input line 249.
Package epstopdf Info: Output file is already uptodate.
<y05-eps-converted-to.pdf, id=46, 922.44624pt x 526.96875pt>
File: y05-eps-converted-to.pdf Graphic file (type pdf)

<use y05-eps-converted-to.pdf>
Package pdftex.def Info: y05-eps-converted-to.pdf used on input line 249.
(pdftex.def)             Requested size: 226.48393pt x 129.37784pt.

Overfull \hbox (5.0pt too wide) in paragraph at lines 249--250
 [][] 
 []

[4 <./Fresnel-eps-converted-to.pdf> <./y01-eps-converted-to.pdf> <./y03-eps-con
verted-to.pdf>]
Missing character: There is no â in font cmr10!
Missing character: There is no € in font cmr10!
Missing character: There is no “ in font cmr10!
Missing character: There is no â in font cmr10!
Missing character: There is no € in font cmr10!
Missing character: There is no “ in font cmr10!
Missing character: There is no â in font cmr10!
Missing character: There is no € in font cmr10!
Missing character: There is no “ in font cmr10!
Missing character: There is no â in font cmr10!
Missing character: There is no € in font cmr10!
Missing character: There is no “ in font cmr10!
 [5 <./y05-eps-converted-to.pdf>] (./Belous_cone_DD2018_02.aux) ) 
Here is how much of TeX's memory you used:
 2671 strings out of 492995
 36246 string characters out of 6132704
 105965 words of memory out of 5000000
 6159 multiletter control sequences out of 15000+600000
 13318 words of font info for 55 fonts, out of 8000000 for 9000
 1141 hyphenation exceptions out of 8191
 42i,10n,28p,1042b,213s stack positions out of 5000i,500n,10000p,200000b,80000s
</usr/local/te
xlive/2017/texmf-dist/fonts/type1/public/amsfonts/cm/cmbx10.pfb></usr/local/tex
live/2017/texmf-dist/fonts/type1/public/amsfonts/cm/cmbx12.pfb></usr/local/texl
ive/2017/texmf-dist/fonts/type1/public/amsfonts/cm/cmbx8.pfb></usr/local/texliv
e/2017/texmf-dist/fonts/type1/public/amsfonts/cm/cmcsc10.pfb></usr/local/texliv
e/2017/texmf-dist/fonts/type1/public/amsfonts/cm/cmex10.pfb></usr/local/texlive
/2017/texmf-dist/fonts/type1/public/amsfonts/cm/cmmi10.pfb></usr/local/texlive/
2017/texmf-dist/fonts/type1/public/amsfonts/cm/cmmi5.pfb></usr/local/texlive/20
17/texmf-dist/fonts/type1/public/amsfonts/cm/cmmi7.pfb></usr/local/texlive/2017
/texmf-dist/fonts/type1/public/amsfonts/cm/cmr10.pfb></usr/local/texlive/2017/t
exmf-dist/fonts/type1/public/amsfonts/cm/cmr12.pfb></usr/local/texlive/2017/tex
mf-dist/fonts/type1/public/amsfonts/cm/cmr7.pfb></usr/local/texlive/2017/texmf-
dist/fonts/type1/public/amsfonts/cm/cmsl10.pfb></usr/local/texlive/2017/texmf-d
ist/fonts/type1/public/amsfonts/cm/cmsy10.pfb></usr/local/texlive/2017/texmf-di
st/fonts/type1/public/amsfonts/cm/cmsy5.pfb></usr/local/texlive/2017/texmf-dist
/fonts/type1/public/amsfonts/cm/cmsy7.pfb></usr/local/texlive/2017/texmf-dist/f
onts/type1/public/amsfonts/cm/cmti10.pfb></usr/local/texlive/2017/texmf-dist/fo
nts/type1/public/amsfonts/cm/cmtt10.pfb>
Output written on Belous_cone_DD2018_02.pdf (5 pages, 1963742 bytes).
PDF statistics:
 170 PDF objects out of 1000 (max. 8388607)
 118 compressed objects within 2 object streams
 0 named destinations out of 1000 (max. 500000)
 36 words of extra memory for PDF output out of 10000 (max. 10000000)

