\BOOKMARK [0][-]{chapter*.1}{}{}% 1
\BOOKMARK [0][-]{chapter.1}{ }{}% 2
\BOOKMARK [1][-]{section.1.1}{ MLS-}{chapter.1}% 3
\BOOKMARK [1][-]{section.1.2}{ \040 \040 }{chapter.1}% 4
\BOOKMARK [1][-]{section.1.3}{ \040 , \040}{chapter.1}% 5
\BOOKMARK [1][-]{section.1.4}{ \040}{chapter.1}% 6
\BOOKMARK [0][-]{chapter.2}{ \040- \040 \040 }{}% 7
\BOOKMARK [1][-]{section.2.1}{ \040}{chapter.2}% 8
\BOOKMARK [1][-]{section.2.2}{ }{chapter.2}% 9
\BOOKMARK [1][-]{section.2.3}{ \040 }{chapter.2}% 10
\BOOKMARK [1][-]{section.2.4}{ \040, \040 \040 }{chapter.2}% 11
\BOOKMARK [1][-]{section.2.5}{ \040 \040}{chapter.2}% 12
\BOOKMARK [1][-]{section.2.6}{}{chapter.2}% 13
\BOOKMARK [1][-]{section.2.7}{ \040 }{chapter.2}% 14
\BOOKMARK [0][-]{chapter.3}{ \040 \040 \040 \040 \040}{}% 15
\BOOKMARK [1][-]{section.3.1}{}{chapter.3}% 16
\BOOKMARK [1][-]{section.3.2}{ }{chapter.3}% 17
\BOOKMARK [1][-]{section.3.3}{ \040 . \040-}{chapter.3}% 18
\BOOKMARK [1][-]{section.3.4}{ \040 \040 \040 -}{chapter.3}% 19
\BOOKMARK [1][-]{section.3.5}{ }{chapter.3}% 20
\BOOKMARK [1][-]{section.3.6}{ }{chapter.3}% 21
\BOOKMARK [0][-]{chapter.4}{ \040 \040MLS- \040 \040}{}% 22
\BOOKMARK [1][-]{section.4.1}{}{chapter.4}% 23
\BOOKMARK [1][-]{section.4.2}{ }{chapter.4}% 24
\BOOKMARK [1][-]{section.4.3}{ }{chapter.4}% 25
\BOOKMARK [2][-]{subsection.4.3.1}{ \040 }{section.4.3}% 26
\BOOKMARK [2][-]{subsection.4.3.2}{ \040 }{section.4.3}% 27
\BOOKMARK [1][-]{section.4.4}{ \040 }{chapter.4}% 28
\BOOKMARK [1][-]{section.4.5}{ \040 }{chapter.4}% 29
\BOOKMARK [1][-]{section.4.6}{}{chapter.4}% 30
\BOOKMARK [0][-]{chapter.5}{ \040 \040 \040 . \040 \040 }{}% 31
\BOOKMARK [1][-]{section.5.1}{}{chapter.5}% 32
\BOOKMARK [1][-]{section.5.2}{ }{chapter.5}% 33
\BOOKMARK [2][-]{subsection.5.2.1}{ \040 \040}{section.5.2}% 34
\BOOKMARK [2][-]{subsection.5.2.2}{ \040 \040}{section.5.2}% 35
\BOOKMARK [1][-]{section.5.3}{ \040 }{chapter.5}% 36
\BOOKMARK [2][-]{subsection.5.3.1}{ \040 \040}{section.5.3}% 37
\BOOKMARK [2][-]{subsection.5.3.2}{ \040 \040 }{section.5.3}% 38
\BOOKMARK [2][-]{subsection.5.3.3}{ \040 \040 }{section.5.3}% 39
\BOOKMARK [1][-]{section.5.4}{ \040 \040 \040}{chapter.5}% 40
\BOOKMARK [2][-]{subsection.5.4.1}{ \040 \040 \040 \040}{section.5.4}% 41
\BOOKMARK [2][-]{subsection.5.4.2}{ \040}{section.5.4}% 42
\BOOKMARK [2][-]{subsection.5.4.3}{ \040 \040\(5.38\)}{section.5.4}% 43
\BOOKMARK [1][-]{section.5.5}{ \040 \040 \040}{chapter.5}% 44
\BOOKMARK [2][-]{subsection.5.5.1}{ \040 \040\(5.30\)}{section.5.5}% 45
\BOOKMARK [2][-]{subsection.5.5.2}{ \040 \040 \040\(54\)}{section.5.5}% 46
\BOOKMARK [1][-]{section.5.6}{}{chapter.5}% 47
\BOOKMARK [0][-]{chapter*.6}{}{}% 48
\BOOKMARK [0][-]{section*.7}{ }{}% 49
\BOOKMARK [0][-]{section*.8}{ }{}% 50
